23 matches for "<SCR.+done="[^k]" in buffer: b3full.rb
   3188:<SCRIPT id="m3/l3/v1" done="nr">
   3709:<SCRIPT id="m4/intro" done="t">
   3773:<SCRIPT id="m4/l1/v1" done="r">
   3847:<SCRIPT id="m4/l1/v2" done="r">
   3922:<SCRIPT id="m4/l1/v3" done="r">
   3992:<SCRIPT id="m4/l1/v4" done="r">
   4136:<SCRIPT id="m4/l1/v5" done="n">
   4163:<SCRIPT id="m4/l2/v1" done="r">
   4255:<SCRIPT id="m4/l2/v2" done="r">
   4331:<SCRIPT id="m4/l2/v3" done="r">
   4361:<SCRIPT id="m4/l2/v4" done="t">
   4388:<SCRIPT id="m4/l2/v5" done="t">
   4445:<SCRIPT id="m4/l3/v1" done="r">
   4474:<SCRIPT id="m4/l3/v2" done="nr">
   4488:<SCRIPT id="m4/l3/v3" done="r">
   4495:<SCRIPT id="m4/l3/v4" done="n">
   4502:<SCRIPT id="m4/l3/v5" done="n">
   4509:<SCRIPT id="m4/l3/v6" done="n">
   4537:<SCRIPT id="m4/l4/v1" done="r">
   4640:<SCRIPT id="m4/l4/v2" done="nr">
   4719:<SCRIPT id="m4/l4/v3" done="n">
   4727:<SCRIPT id="m4/l4/v4" done="r">
   4780:<SCRIPT id="m4/l4/v5" done="n">
