This is METAFONT, Version 2.7182 (MiKTeX 2) (preloaded base=plain 2008.10.19)  26 MAR 2009 07:58
**bang10
(bang10.mf (bangbase.mf (bangmac.mf) (bangdefs.mf) (bangvow.mf
The letter a [65]
The letter hraswa i [73]
The letter dirgha I [141]
The letter hraswa u [85]
The letter dirgha u [143]
The letter RI [145]
The letter peT-kaTa e (ae) [147]
The letter e [69]
The letter oi [149]
The letter o [79]
The letter ou [151]) (bangkaar.mf
A-kar [97]
hraswa i-kar [105]
dirgha i-kar [140]
hraswa-u-kar [117]
dirgha-u-kar [142]
ri-kar [144]
ae-kar [146]
e-kar [101]
oi-kar [148]
o-kar [111]
ou-kar [150]) (bangconso.mf
The letter ka [107]
The letter kha [120]
The letter ga [103]
The letter gha [71]
The letter unga [130]
The letter ca [99]
The letter cha [113]
The letter ja [106]
The letter jha [67]
The letter ina [131]
The letter Ta [84]
The letter Tha [70]
The letter Da [68]
The letter Dha [90]
The letter murdhanya na [78]
The letter ta [116]
The letter tha [81]
The letter da [100]
The letter dha [122]
The letter na [110]
The letter pa [112]
The letter pha [102]
The letter ba [98]
The letter bha [118]
The letter ma [109]
The letter antasthya ja [74]
The letter ra [114]
The letter la [108]
The letter ha [72]
The letter khiyo [88]
The letter talabya sha [83]
The letter murdhanya sha [80]
The letter dantya-sa [115]
The letter Da-y shunyo Ra [136]
The letter Dha-y shunyo Ra [137]
The letter antasthya ya [121]
The letter khanda ta [133]
The letter anuswar [75]
The letter bisargo [104]
The letter candra-bindu [132]
The Asamiya letter ra [66]
The Asamiya letter wa [119]) (bangfala.mf
ref [175]
ra-fala [82]
Ja-fala [89]
Ba-fala, or Wa-fala [87]
Ba-fala, or Wa-fala (with matra) [153]
Ma-fala [77]
la-fala [76]
murdhanya na-fala [25]
na-fala [26]
special form for Ma-fala [27]
hass (consonant) sign [13]) (bangnum.mf
The number 0 [48]
The number 1 [49]
The number 2 [50]
The number 3 [51]
The number 4 [52]
The number 5 [53]
The number 6 [54]
The number 7 [55]
The number 8 [56]
The number 9 [57]) (bangpunc.mf
dnari (period) [46]
double dnari [14]
Three dots [15]
exclamation mark [33]
comma [44]
colon [58]
semi colon [59]
backquote [96]
quote [39]
double quote [1]
double backquote [2]
forward slash [47]
equality sign [61]
left square bracket [91]
right square bracket [93]
left parenthesis [40]
right parenthesis [41]
asterisk [42]
plus sign [43]
hyphen [45]
endash [8]
emdash [9]
percent sign [37]
question mark [63]
bucks [36]
The pipe line [124]) (banghalf.mf
k+ [160]
g+ [161]
unga+ [162]
c+ [163]
j+ [164]
ina+ [165]
T+ [166]
D+ [167]
N+ [168]
t+ [169]
d+ [170]
n+ [171]
p+ [172]
b+ [173]
m+ [174]
l+ [176]
sh+ [177]
Sh+ [178]
s+ [179]
small bha [154]
small ma [155]
small sa [156]) (bangjuk.mf
d+R [22]
p+R [23]
sh+R [24]
k+k [180]
k+t [181]
k+t+r [182]
k+n [183]
k+r [184]
k+l [185]
k+w [186]
k+s [187]
khiyo + m [189]
g + g [190]
ch + r [192]
ch + W [193]
j+j [194]
j+j+W [195]
j+ina [196]
j+r [197]
j+W [198]
ina+ca [199]
ina+cha [200]
ina+ja [201]
ina+jha [202]
Ta+Ta [203]
Na+Ta [204]
Na+Tha [205]
N+D [206]
N+D+R [207]
N+N [208]
t+t [209]
t+t+W [210]
t+th [211]
t+n [212]
t+r [213]
d+d [214]
d+bh [215]
d+W [216]
dh+W [217]
n+t [218]
n+t+r [219]
n+t+W [220]
n+d [221]
n+d+R [222]
n+n [223]
n+W [224]
p+t [225]
p+p [226]
ph+r [227]
ph+l [228]
b+j [229]
b+b [230]
bh+r [231]
m+b [232]
m+bh [233]
l+l [234]
Sh+T [235]
Sh+Th [236]
Sh+N [237]
s+k [238]
s+t [239]
s+t+r [240]
H+N [241]
H+n [242]
H+m [243]
H+r [244]
H+l [245]
H+W [246]) (banglig.mf)) )
Output written on bang10.2602gf (201 characters, 296364 bytes).
