#
# An unexpected error has been detected by HotSpot Virtual Machine:
#
#  EXCEPTION_ACCESS_VIOLATION (0xc0000005) at pc=0x6d00baf4, pid=2884, tid=2932
#
# Java VM: Java HotSpot(TM) Client VM (1.5.0_06-b05 mixed mode, sharing)
# Problematic frame:
# C  [awt.dll+0xbaf4]
#

---------------  T H R E A D  ---------------

Current thread (0x02c5e6c8):  JavaThread "AWT-EventQueue-0" [_thread_in_native, id=2932]

siginfo: ExceptionCode=0xc0000005, reading address 0x00007a74

Registers:
EAX=0x00001e98, EBX=0x6d130450, ECX=0x00000014, EDX=0x00000014
ESP=0x02fdf22c, EBP=0x22a7000d, ESI=0x00000098, EDI=0x00000004
EIP=0x6d00baf4, EFLAGS=0x00010202

Top of Stack: (sp=0x02fdf22c)
0x02fdf22c:   fffffffc 02c5e788 6d11c498 00000004
0x02fdf23c:   22fdec2c ffff9999 6d130410 6d1303d0
0x02fdf24c:   00000000 00000000 00000003 6d001a56
0x02fdf25c:   032e0000 00000030 00000229 000001be
0x02fdf26c:   00000229 02fdf2e0 6d11c498 02fdf2d4
0x02fdf27c:   02c5e6c8 2ab1d4c0 02fdf420 2b38afa0
0x02fdf28c:   02c691e8 00000004 6d11c498 00000000
0x02fdf29c:   02c98570 00000004 0000001e 0000022d 

Instructions: (pc=0x6d00baf4)
0x6d00bae4:   00 00 83 e6 f8 c1 e0 05 c1 e9 03 03 c6 03 d1 45
0x6d00baf4:   8a 0c 82 8b 44 24 30 88 08 40 89 44 24 30 8b 44 


Stack: [0x02fa0000,0x02fe0000),  sp=0x02fdf22c,  free space=252k
Native frames: (J=compiled Java code, j=interpreted, Vv=VM code, C=native code)
C  [awt.dll+0xbaf4]

Java frames: (J=compiled Java code, j=interpreted, Vv=VM code)
j  sun.java2d.loops.Blit.Blit(Lsun/java2d/SurfaceData;Lsun/java2d/SurfaceData;Ljava/awt/Composite;Lsun/java2d/pipe/Region;IIIIII)V+0
j  sun.java2d.pipe.DrawImage.blitSurfaceData(Lsun/java2d/SunGraphics2D;Lsun/java2d/pipe/Region;Lsun/java2d/SurfaceData;Lsun/java2d/SurfaceData;Lsun/java2d/loops/SurfaceType;Lsun/java2d/loops/SurfaceType;IIIIIILjava/awt/Color;)V+97
j  sun.java2d.pipe.DrawImage.renderImageCopy(Lsun/java2d/SunGraphics2D;Ljava/awt/Image;Ljava/awt/Color;IIIIII)Z+75
j  sun.java2d.pipe.DrawImage.copyImage(Lsun/java2d/SunGraphics2D;Ljava/awt/Image;IILjava/awt/Color;)Z+45
j  sun.java2d.pipe.DrawImage.copyImage(Lsun/java2d/SunGraphics2D;Ljava/awt/Image;IILjava/awt/Color;Ljava/awt/image/ImageObserver;)Z+15
j  sun.java2d.pipe.ValidatePipe.copyImage(Lsun/java2d/SunGraphics2D;Ljava/awt/Image;IILjava/awt/Color;Ljava/awt/image/ImageObserver;)Z+21
j  sun.java2d.SunGraphics2D.drawImage(Ljava/awt/Image;IILjava/awt/Color;Ljava/awt/image/ImageObserver;)Z+18
j  sun.java2d.SunGraphics2D.drawImage(Ljava/awt/Image;IILjava/awt/image/ImageObserver;)Z+7
j  javax.swing.JComponent.paintWithOffscreenBuffer(Ljavax/swing/JComponent;Ljava/awt/Graphics;IIIILjava/awt/Image;)V+232
j  javax.swing.JComponent.paintDoubleBuffered(Ljavax/swing/JComponent;Ljava/awt/Component;Ljava/awt/Graphics;IIII)Z+131
j  javax.swing.JComponent._paintImmediately(IIII)V+739
j  javax.swing.JComponent.paintImmediately(IIII)V+83
j  javax.swing.RepaintManager.paintDirtyRegions()V+314
j  javax.swing.SystemEventQueueUtilities$ComponentWorkRequest.run()V+32
j  java.awt.event.InvocationEvent.dispatch()V+47
j  java.awt.EventQueue.dispatchEvent(Ljava/awt/AWTEvent;)V+26
j  java.awt.EventDispatchThread.pumpOneEventForHierarchy(ILjava/awt/Component;)Z+233
j  java.awt.EventDispatchThread.pumpEventsForHierarchy(ILjava/awt/Conditional;Ljava/awt/Component;)V+26
j  java.awt.EventDispatchThread.pumpEvents(ILjava/awt/Conditional;)V+4
j  java.awt.EventDispatchThread.pumpEvents(Ljava/awt/Conditional;)V+3
j  java.awt.EventDispatchThread.run()V+9
v  ~StubRoutines::call_stub

---------------  P R O C E S S  ---------------

Java Threads: ( => current thread )
  0x003559e8 JavaThread "DestroyJavaVM" [_thread_blocked, id=2888]
  0x02ce47b0 JavaThread "Thread-2" [_thread_blocked, id=2944]
  0x02cda720 JavaThread "TimerQueue" daemon [_thread_blocked, id=2940]
=>0x02c5e6c8 JavaThread "AWT-EventQueue-0" [_thread_in_native, id=2932]
  0x00a56f08 JavaThread "AWT-Windows" daemon [_thread_in_native, id=2928]
  0x00a56aa0 JavaThread "AWT-Shutdown" [_thread_blocked, id=2924]
  0x02c55cd0 JavaThread "Java2D Disposer" daemon [_thread_blocked, id=2920]
  0x00a08af8 JavaThread "Low Memory Detector" daemon [_thread_blocked, id=2912]
  0x00a076c8 JavaThread "CompilerThread0" daemon [_thread_blocked, id=2908]
  0x00a069b0 JavaThread "Signal Dispatcher" daemon [_thread_blocked, id=2904]
  0x0035fa48 JavaThread "Finalizer" daemon [_thread_blocked, id=2900]
  0x00a01aa0 JavaThread "Reference Handler" daemon [_thread_blocked, id=2896]

Other Threads:
  0x009ffbd0 VMThread [id=2892]
  0x00a09d10 WatcherThread [id=2916]

VM state:not at safepoint (normal execution)

VM Mutex/Monitor currently owned by a thread: None

Heap
 def new generation   total 576K, used 299K [0x22a70000, 0x22b10000, 0x22f50000)
  eden space 512K,  58% used [0x22a70000, 0x22abaec0, 0x22af0000)
  from space 64K,   0% used [0x22af0000, 0x22af0000, 0x22b00000)
  to   space 64K,   0% used [0x22b00000, 0x22b00000, 0x22b10000)
 tenured generation   total 2528K, used 1516K [0x22f50000, 0x231c8000, 0x26a70000)
   the space 2528K,  59% used [0x22f50000, 0x230cb128, 0x230cb200, 0x231c8000)
 compacting perm gen  total 8192K, used 234K [0x26a70000, 0x27270000, 0x2aa70000)
   the space 8192K,   2% used [0x26a70000, 0x26aaaa28, 0x26aaac00, 0x27270000)
    ro space 8192K,  63% used [0x2aa70000, 0x2af7b178, 0x2af7b200, 0x2b270000)
    rw space 12288K,  46% used [0x2b270000, 0x2b809fa8, 0x2b80a000, 0x2be70000)

Dynamic libraries:
0x00400000 - 0x0040c000 	C:\WINDOWS\system32\javaw.exe
0x7c900000 - 0x7c9b0000 	C:\WINDOWS\system32\ntdll.dll
0x7c800000 - 0x7c8f4000 	C:\WINDOWS\system32\kernel32.dll
0x77dd0000 - 0x77e6b000 	C:\WINDOWS\system32\ADVAPI32.dll
0x77e70000 - 0x77f01000 	C:\WINDOWS\system32\RPCRT4.dll
0x77d40000 - 0x77dd0000 	C:\WINDOWS\system32\USER32.dll
0x77f10000 - 0x77f56000 	C:\WINDOWS\system32\GDI32.dll
0x77c10000 - 0x77c68000 	C:\WINDOWS\system32\MSVCRT.dll
0x6d670000 - 0x6d804000 	C:\Program Files\Java\jre1.5.0_06\bin\client\jvm.dll
0x76b40000 - 0x76b6d000 	C:\WINDOWS\system32\WINMM.dll
0x6d280000 - 0x6d288000 	C:\Program Files\Java\jre1.5.0_06\bin\hpi.dll
0x76bf0000 - 0x76bfb000 	C:\WINDOWS\system32\PSAPI.DLL
0x6d640000 - 0x6d64c000 	C:\Program Files\Java\jre1.5.0_06\bin\verify.dll
0x6d300000 - 0x6d31d000 	C:\Program Files\Java\jre1.5.0_06\bin\java.dll
0x6d660000 - 0x6d66f000 	C:\Program Files\Java\jre1.5.0_06\bin\zip.dll
0x6d000000 - 0x6d167000 	C:\Program Files\Java\jre1.5.0_06\bin\awt.dll
0x73000000 - 0x73026000 	C:\WINDOWS\system32\WINSPOOL.DRV
0x76390000 - 0x763ad000 	C:\WINDOWS\system32\IMM32.dll
0x774e0000 - 0x7761c000 	C:\WINDOWS\system32\ole32.dll
0x5ad70000 - 0x5ada8000 	C:\WINDOWS\system32\uxtheme.dll
0x73760000 - 0x737a9000 	C:\WINDOWS\system32\ddraw.dll
0x73bc0000 - 0x73bc6000 	C:\WINDOWS\system32\DCIMAN32.dll
0x73940000 - 0x73a10000 	C:\WINDOWS\system32\D3DIM700.DLL
0x6d240000 - 0x6d27d000 	C:\Program Files\Java\jre1.5.0_06\bin\fontmanager.dll
0x7c9c0000 - 0x7d1d4000 	C:\WINDOWS\system32\shell32.dll
0x77f60000 - 0x77fd6000 	C:\WINDOWS\system32\SHLWAPI.dll
0x773d0000 - 0x774d2000 	C:\WINDOWS\WinSxS\x86_Microsoft.Windows.Common-Controls_6595b64144ccf1df_6.0.2600.2180_x-ww_a84f1ff9\comctl32.dll
0x5d090000 - 0x5d127000 	C:\WINDOWS\system32\comctl32.dll
0x6d4c0000 - 0x6d4d3000 	C:\Program Files\Java\jre1.5.0_06\bin\net.dll
0x71ab0000 - 0x71ac7000 	C:\WINDOWS\system32\WS2_32.dll
0x71aa0000 - 0x71aa8000 	C:\WINDOWS\system32\WS2HELP.dll
0x6d4e0000 - 0x6d4e9000 	C:\Program Files\Java\jre1.5.0_06\bin\nio.dll

VM Arguments:
java_command: Finalise
Launcher Type: SUN_STANDARD

Environment Variables:
CLASSPATH=.;.;C:\PROGRA~1\JMF21~1.1E\lib\sound.jar;C:\PROGRA~1\JMF21~1.1E\lib\jmf.jar;C:\PROGRA~1\JMF21~1.1E\lib;
PATH=C:\Program Files\MiKTeX\miktex\bin;C:\WINDOWS\system32;C:\WINDOWS;C:\WINDOWS\System32\Wbem;C:\Program Files\QuickTime\QTSystem\;C:\Program Files\Common Files\GTK\2.0\bin;C:\Program Files\j2sdk_nb\j2sdk1.4.2\bin;F:\WinAVR\bin;C:\Borland\BCC55\Bin\;F:\adabas\bin;F:\adabas\pgm
USERNAME=Administrator
OS=Windows_NT
PROCESSOR_IDENTIFIER=x86 Family 15 Model 1 Stepping 2, GenuineIntel



---------------  S Y S T E M  ---------------

OS: Windows XP Build 2600 Service Pack 2

CPU:total 1 family 15, cmov, cx8, fxsr, mmx, sse, sse2, ht

Memory: 4k page, physical 522736k(271592k free), swap 1277888k(1062656k free)

vm_info: Java HotSpot(TM) Client VM (1.5.0_06-b05) for windows-x86, built on Nov 10 2005 11:12:14 by "java_re" with MS VC++ 6.0

