FUNNELWEB LISTING FILE
======================


Global Local| Input File
------------+-------------------------------------------------------------------
.................
    35    35|         @<Handle state 2@>
    36    36|         break;
    37    37|     case 3 : 
     Warning|.............^Line has trailing spaces up to and including this space.
    38    38|         if(c==Common.EOT) {
    39    39|           if(dbg!=0) System.err.print( "<END OF TEX>\n");
.................
   100   100| 
   101   101| Here is how the mini automaton works. It starts at state 0, reads the next
   102   102| entry (@{row@}, say)in the @{YuktaDat.yuktaList@} array, and moves to 
     Warning|......................................................................^Line has trailing spaces up to and including this space.
   103   103| state 1. If
   104   104| it meets a -1 in state 1, then it reverts back to state 0. Otherwise, it
   105   105| reads two consecutive entries of @{YuktaDat.yukataList@}. 
     Warning|..........................................................^Line has trailing spaces up to and including this space.
   106   106| Call them @{col@} and
   107   107| @{x@}, say. Then the automaton loads the fact that letter @{row@} followed
.................
   182   182|     if(tmp==null) {
   183   183|       if(state!=0) emit(first,second,0);
   184   184|       System.err.println("Done."); 
     Warning|...................................^Line has trailing spaces up to and including this space.
   185   185|       return;
   186   186|     }
.................
   192   192|   if(dbg!=0) System.err.println("lexeme = "+yylval);
   193   193| }
   194   194| if(dbg!=0) 
     Warning|...........^Line has trailing spaces up to and including this space.
   195   195|   if(state==3)
   196   196|     System.err.print("Reading new E token... ["+texStr+"]("+c+")\n");
.................
   219   219|   System.err.print("State = "+state+"\n");
   220   220|   //System.err.print("Offending input is ["+LX.yytext+"] \n");
   221   221|   
     Warning|..^Line has trailing spaces up to and including this space.
   222   222|   //System.err.print("ERROR at line "+
   223   223|   //                  LX.yylineno+" character "+wordCount+":"+s+"\n"); 
     Warning|.......................................................................^Line has trailing spaces up to and including this space.
   224   224|   //System.err.print("Offending input is ["+LX.yytext+"] \n");
   225   225|   
     Warning|..^Line has trailing spaces up to and including this space.
   226   226|   inError = true;
   227   227|   state = 0;
.................
   366   366|        second = collSec(Common.RAPHALA);
   367   367|        forceYukta = false;
   368   368|        state = 1; 
     Warning|..................^Line has trailing spaces up to and including this space.
   369   369|     }
   370   370|     else if(tabEntry==Common.REF) { /* ref */
.................
   472   472| case Common.SWAR:
   473   473|    if(dbg!=0) System.err.print("swar...dumped\n");
   474   474|    if(hasYaphala) 
     Warning|..................^Line has trailing spaces up to and including this space.
   475   475|       emit(first,second,Common.YAPH+yylval-Common.A);
   476   476|    else
   477   477|       emit(first,second,yylval-Common.A);    
     Warning|.............................................^Line has trailing spaces up to and including this space.
   478   478|    break;
   479   479| 
.................
   531   531|   hasYaphala = false;
   532   532|   emtr.emit(p,s,v);
   533   533| }  
     Warning|...^Line has trailing spaces up to and including this space.
   534   534| private void emit1(int p , int s, int v) {
   535   535|   boolean yaphalaPresent;
.................
   569   569| 
   570   570| @$@<Cases for different vowel signs@>==@{
   571   571| case Common.AA_KAR : 
     Warning|.....................^Line has trailing spaces up to and including this space.
   572   572|    if(yaphalaPresent) {
   573   573|      right1="Y";
.................
   578   578|    }
   579   579|    break;
   580   580| case Common.II_KAR : 
     Warning|.....................^Line has trailing spaces up to and including this space.
   581   581|    right1="ii";
   582   582|    if(yaphalaPresent) right2="Y";
.................
   712   712| /*
   713   713|    @<Open files@>
   714   714|   */ 
     Warning|.....^Line has trailing spaces up to and including this space.
   715   715| 
   716   716|    dbg = 0;
.................
   741   741| 
   742   742| public class BTex {
   743   743|  
     Warning|.^Line has trailing spaces up to and including this space.
   744   744| int yylval;
   745   745| 
.................
------------+-------------------------------------------------------------------

Tangle: Completed BTex.java.
Weave : Completed jrb2ab.tex.

There were 16 Warnings.
