104.12.05 09:36 B c:\program files\apache group\apache2\htdocs\statinf2\image\img1.png <-- statmath2->mcmc /user1/visiting/arnab_v/greek img1.png
104.12.05 09:36 B c:\program files\apache group\apache2\htdocs\statinf2\image\img2.png <-- statmath2->mcmc /user1/visiting/arnab_v/greek img2.png
104.12.05 09:36 B c:\program files\apache group\apache2\htdocs\statinf2\image\img3.png <-- statmath2->mcmc /user1/visiting/arnab_v/greek img3.png
104.12.05 09:36 B c:\program files\apache group\apache2\htdocs\statinf2\image\img4.png <-- statmath2->mcmc /user1/visiting/arnab_v/greek img4.png
104.12.05 09:36 B c:\program files\apache group\apache2\htdocs\statinf2\image\img5.png <-- statmath2->mcmc /user1/visiting/arnab_v/greek img5.png
104.12.05 09:36 B c:\program files\apache group\apache2\htdocs\statinf2\image\img6.png <-- statmath2->mcmc /user1/visiting/arnab_v/greek img6.png
104.12.05 09:36 B c:\program files\apache group\apache2\htdocs\statinf2\image\img7.png <-- statmath2->mcmc /user1/visiting/arnab_v/greek img7.png
104.12.05 10:04 B c:\program files\apache group\apache2\htdocs\statinf2\image\img1.png <-- latex2html /user1/visiting/arnab_v/greek img1.png
104.12.05 10:04 B c:\program files\apache group\apache2\htdocs\statinf2\image\img2.png <-- latex2html /user1/visiting/arnab_v/greek img2.png
104.12.05 10:04 B c:\program files\apache group\apache2\htdocs\statinf2\image\img3.png <-- latex2html /user1/visiting/arnab_v/greek img3.png
104.12.05 10:04 B c:\program files\apache group\apache2\htdocs\statinf2\image\img4.png <-- latex2html /user1/visiting/arnab_v/greek img4.png
104.12.05 10:04 B c:\program files\apache group\apache2\htdocs\statinf2\image\img5.png <-- latex2html /user1/visiting/arnab_v/greek img5.png
104.12.07 08:13 B c:\program files\apache group\apache2\htdocs\statinf2\image\img1.png <-- latex2html /user1/visiting/arnab_v/greek img1.png
104.12.07 08:13 B c:\program files\apache group\apache2\htdocs\statinf2\image\img2.png <-- latex2html /user1/visiting/arnab_v/greek img2.png
104.12.07 08:13 B c:\program files\apache group\apache2\htdocs\statinf2\image\img3.png <-- latex2html /user1/visiting/arnab_v/greek img3.png
104.12.07 08:13 B c:\program files\apache group\apache2\htdocs\statinf2\image\img4.png <-- latex2html /user1/visiting/arnab_v/greek img4.png
104.12.08 09:45 B c:\program files\apache group\apache2\htdocs\statinf2\image\img1.png <-- latex2html /user1/visiting/arnab_v/greek img1.png
104.12.13 13:24 B c:\program files\apache group\apache2\htdocs\statinf2\image\img1.png <-- latex2html /user1/visiting/arnab_v/greek img1.png
104.12.13 13:24 B c:\program files\apache group\apache2\htdocs\statinf2\image\img2.png <-- latex2html /user1/visiting/arnab_v/greek img2.png
104.12.13 13:24 B c:\program files\apache group\apache2\htdocs\statinf2\image\img3.png <-- latex2html /user1/visiting/arnab_v/greek img3.png
104.12.13 13:33 B c:\program files\apache group\apache2\htdocs\statinf2\image\img1.png <-- latex2html /user1/visiting/arnab_v/greek img1.png
104.12.15 18:04 B c:\program files\apache group\apache2\htdocs\statinf2\image\img1.png <-- latex2html /user1/visiting/arnab_v/greek img1.png
104.12.16 10:50 B c:\program files\apache group\apache2\htdocs\statinf2\image\img1.png <-- latex2html /user1/visiting/arnab_v/greek img1.png
104.12.16 10:53 B c:\program files\apache group\apache2\htdocs\statinf2\image\img1.png <-- latex2html /user1/visiting/arnab_v/greek img1.png
104.12.26 13:59 B c:\program files\apache group\apache2\htdocs\statinf2\image\img1.png <-- latex2html /user1/visiting/arnab_v/greek img1.png
104.12.26 14:08 B c:\program files\apache group\apache2\htdocs\statinf2\image\img1.png <-- latex2html /user1/visiting/arnab_v/greek img1.png
104.12.26 14:08 B c:\program files\apache group\apache2\htdocs\statinf2\image\img2.png <-- latex2html /user1/visiting/arnab_v/greek img2.png
104.12.29 15:02 B c:\program files\apache group\apache2\htdocs\statinf2\image\img1.png <-- latex2html /user1/visiting/arnab_v/greek img1.png
104.12.30 10:06 B c:\program files\apache group\apache2\htdocs\statinf2\image\img1.png <-- latex2html /user1/visiting/arnab_v/greek img1.png
105.01.06 11:54 B c:\program files\apache group\apache2\htdocs\statinf2\image\img1.png <-- latex2html /user1/visiting/arnab_v/greek img1.png
105.01.23 17:22 B c:\program files\apache group\apache2\htdocs\statinf2\image\treepart.gif <-- statmath2->mcmc / treepart.gif
105.01.23 17:33 B c:\program files\apache group\apache2\htdocs\statinf2\image\cartex.gif <-- statmath2->mcmc / cartex.gif
105.01.23 17:50 B c:\program files\apache group\apache2\htdocs\statinf2\image\img1.png <-- latex2html /user1/visiting/arnab_v/greek img1.png
105.01.23 17:50 B c:\program files\apache group\apache2\htdocs\statinf2\image\img2.png <-- latex2html /user1/visiting/arnab_v/greek img2.png
105.01.23 17:50 B c:\program files\apache group\apache2\htdocs\statinf2\image\img3.png <-- latex2html /user1/visiting/arnab_v/greek img3.png
105.02.25 17:04 B c:\program files\apache group\apache2\htdocs\statinf2\image\tree.gif <-- statmath2->web / tree.gif
105.02.25 17:13 B c:\program files\apache group\apache2\htdocs\statinf2\image\tree1.gif <-- statmath2->web / tree1.gif
105.02.25 17:16 B c:\program files\apache group\apache2\htdocs\statinf2\image\tree1.gif <-- statmath2->web / tree1.gif
105.02.25 17:22 B c:\program files\apache group\apache2\htdocs\statinf2\image\tree2.gif <-- statmath2->web / tree2.gif
105.02.25 18:25 B c:\program files\apache group\apache2\htdocs\statinf2\image\detree.gif <-- statmath2->web / detree.gif
105.02.27 11:07 B c:\program files\apache group\apache2\htdocs\statinf2\image\treegray.gif <-- cdac / treegray.gif
105.02.27 11:07 B c:\program files\apache group\apache2\htdocs\statinf2\image\tree0.fig <-- cdac / tree0.fig
105.02.27 11:13 B c:\program files\apache group\apache2\htdocs\statinf2\image\rgtree.gif <-- statmath2->web / rgtree.gif
105.02.27 11:14 B c:\program files\apache group\apache2\htdocs\statinf2\image\tree0.gif <-- statmath2->web / tree0.gif
105.03.02 11:09 B c:\program files\apache group\apache2\htdocs\statinf2\image\img1.png <-- latex2html /user1/visiting/arnab_v/greek img1.png
105.03.03 16:21 B c:\program files\apache group\apache2\htdocs\statinf2\image\dot.gif <-- statmath2->web / dot.gif
105.03.03 16:43 B c:\program files\apache group\apache2\htdocs\statinf2\image\btcmp.gif --> ftp.angelfire.com /statinf2/image btcmp.gif
105.03.03 16:44 B c:\program files\apache group\apache2\htdocs\statinf2\image\isitree.gif --> ftp.angelfire.com /statinf2/image isitree.gif
105.03.03 16:46 B c:\program files\apache group\apache2\htdocs\statinf2\image\rgtree.gif --> ftp.angelfire.com /statinf2/image rgtree.gif
105.03.03 16:46 B c:\program files\apache group\apache2\htdocs\statinf2\image\tree.gif --> ftp.angelfire.com /statinf2/image tree.gif
105.03.03 16:46 B c:\program files\apache group\apache2\htdocs\statinf2\image\tree0.gif --> ftp.angelfire.com /statinf2/image tree0.gif
105.03.03 16:46 B c:\program files\apache group\apache2\htdocs\statinf2\image\tree1.gif --> ftp.angelfire.com /statinf2/image tree1.gif
105.03.03 16:47 B c:\program files\apache group\apache2\htdocs\statinf2\image\tree2.gif --> ftp.angelfire.com /statinf2/image tree2.gif
105.03.03 16:47 B c:\program files\apache group\apache2\htdocs\statinf2\image\treegray.gif --> ftp.angelfire.com /statinf2/image treegray.gif
105.03.03 16:47 B c:\program files\apache group\apache2\htdocs\statinf2\image\unb.png --> ftp.angelfire.com /statinf2/image unb.png
105.03.03 16:49 B c:\program files\apache group\apache2\htdocs\statinf2\image\index.html <-- isinotes / index.html
105.03.03 16:52 A c:\program files\apache group\apache2\htdocs\statinf2\image\index.html --> ftp.angelfire.com / index.html
105.03.08 18:55 B c:\program files\apache group\apache2\htdocs\statinf2\image\trunc.gif <-- cdac /cdac trunc.gif
105.03.08 18:57 B c:\program files\apache group\apache2\htdocs\statinf2\image\trunc.gif <-- cdac /cdac trunc.gif
105.03.09 15:29 B c:\program files\apache group\apache2\htdocs\statinf2\image\rp.gif <-- cdac /cdac rp.gif
105.03.09 15:51 B c:\program files\apache group\apache2\htdocs\statinf2\image\rp.gif <-- cdac /cdac rp.gif
105.03.11 09:26 B c:\program files\apache group\apache2\htdocs\statinf2\image\sprtree.gif <-- cdac /cdac sprtree.gif
105.03.11 09:48 B c:\program files\apache group\apache2\htdocs\statinf2\image\sprtloss.gif <-- cdac /cdac sprtloss.gif
105.03.11 10:17 B c:\program files\apache group\apache2\htdocs\statinf2\image\post.gif <-- cdac /cdac post.gif
105.03.11 11:39 B c:\program files\apache group\apache2\htdocs\statinf2\image\admin.gif --> ftp.angelfire.com /statinf2/image admin.gif
105.03.11 11:39 B c:\program files\apache group\apache2\htdocs\statinf2\image\b3.png --> ftp.angelfire.com /statinf2/image b3.png
105.03.11 11:39 B c:\program files\apache group\apache2\htdocs\statinf2\image\bar.gif --> ftp.angelfire.com /statinf2/image bar.gif
105.03.11 11:39 B c:\program files\apache group\apache2\htdocs\statinf2\image\br.gif --> ftp.angelfire.com /statinf2/image br.gif
105.03.11 11:41 B c:\program files\apache group\apache2\htdocs\statinf2\image\dot.gif --> ftp.angelfire.com /statinf2/image dot.gif
105.03.11 11:41 B c:\program files\apache group\apache2\htdocs\statinf2\image\knobs.gif --> ftp.angelfire.com /statinf2/image knobs.gif
105.03.11 11:41 B c:\program files\apache group\apache2\htdocs\statinf2\image\knobs1.gif --> ftp.angelfire.com /statinf2/image knobs1.gif
105.03.11 11:41 B c:\program files\apache group\apache2\htdocs\statinf2\image\lbrace.gif --> ftp.angelfire.com /statinf2/image lbrace.gif
105.03.11 11:41 B c:\program files\apache group\apache2\htdocs\statinf2\image\logo.png --> ftp.angelfire.com /statinf2/image logo.png
105.03.11 11:41 B c:\program files\apache group\apache2\htdocs\statinf2\image\post.gif --> ftp.angelfire.com /statinf2/image post.gif
105.03.11 11:42 B c:\program files\apache group\apache2\htdocs\statinf2\image\rbrace.gif --> ftp.angelfire.com /statinf2/image rbrace.gif
105.03.11 11:42 B c:\program files\apache group\apache2\htdocs\statinf2\image\rp.gif --> ftp.angelfire.com /statinf2/image rp.gif
105.03.11 11:42 B c:\program files\apache group\apache2\htdocs\statinf2\image\si2.png --> ftp.angelfire.com /statinf2/image si2.png
105.03.11 11:42 B c:\program files\apache group\apache2\htdocs\statinf2\image\sprtloss.gif --> ftp.angelfire.com /statinf2/image sprtloss.gif
105.03.11 11:42 B c:\program files\apache group\apache2\htdocs\statinf2\image\sprtree.gif --> ftp.angelfire.com /statinf2/image sprtree.gif
105.03.11 11:42 B c:\program files\apache group\apache2\htdocs\statinf2\image\tl.gif --> ftp.angelfire.com /statinf2/image tl.gif
105.03.11 11:45 B c:\program files\apache group\apache2\htdocs\statinf2\image\topics.gif --> ftp.angelfire.com /statinf2/image topics.gif
105.03.11 11:45 B c:\program files\apache group\apache2\htdocs\statinf2\image\trunc.gif --> ftp.angelfire.com /statinf2/image trunc.gif
105.03.11 13:10 B c:\program files\apache group\apache2\htdocs\statinf2\image\rp.gif <-- cdac /cdac rp.gif
105.03.11 13:12 B c:\program files\apache group\apache2\htdocs\statinf2\image\rp.gif --> ftp.angelfire.com /statinf2/image rp.gif
105.03.16 10:02 B c:\program files\apache group\apache2\htdocs\statinf2\image\treegray1.gif <-- cdac / treegray1.gif
105.03.16 10:04 A c:\program files\apache group\apache2\htdocs\statinf2\image\seq2.html --> ftp.angelfire.com undecipherable seq2.html
105.03.16 10:05 B c:\program files\apache group\apache2\htdocs\statinf2\image\treegray1.gif --> ftp.angelfire.com /statinf2/image treegray1.gif
105.04.13 09:29 B c:\program files\apache group\apache2\htdocs\statinf2\image\face.gif --> ftp.angelfire.com /statinf2/image face.gif
105.04.13 09:30 B c:\program files\apache group\apache2\htdocs\statinf2\image\random.png --> ftp.angelfire.com /statinf2/image random.png
105.04.13 09:31 B c:\program files\apache group\apache2\htdocs\statinf2\image\img1.gif --> ftp.angelfire.com /statinf2/image img1.gif
105.04.13 09:31 B c:\program files\apache group\apache2\htdocs\statinf2\image\img2.gif --> ftp.angelfire.com /statinf2/image img2.gif
105.04.13 09:31 B c:\program files\apache group\apache2\htdocs\statinf2\image\img3.gif --> ftp.angelfire.com /statinf2/image img3.gif
105.04.13 09:33 B c:\program files\apache group\apache2\htdocs\statinf2\image\gibbs.gif --> ftp.angelfire.com /statinf2/image gibbs.gif
105.04.13 10:02 B c:\program files\apache group\apache2\htdocs\statinf2\image\circ7.gif --> ftp.angelfire.com /statinf2/image circ7.gif
105.04.17 15:41 B c:\program files\apache group\apache2\htdocs\statinf2\image\pw.gif --> ftp.angelfire.com /statinf2/image pw.gif
105.04.17 15:41 B c:\program files\apache group\apache2\htdocs\statinf2\image\pw2.gif --> ftp.angelfire.com /statinf2/image pw2.gif
105.04.17 15:41 B c:\program files\apache group\apache2\htdocs\statinf2\image\pwall.gif --> ftp.angelfire.com /statinf2/image pwall.gif
105.04.22 17:06 B c:\program files\apache group\apache2\htdocs\statinf2\image\img1.png <-- latex2html /user1/visiting/arnab_v/greek img1.png
