This is pdfTeX, Version 3.14159265-2.6-1.40.20 (TeX Live 2019/Debian) (preloaded format=pdflatex 2022.3.13)  24 JUN 2022 23:18
entering extended mode
 restricted \write18 enabled.
 %&-line parsing enabled.
**ghs2022
(./ghs2022.tex
LaTeX2e <2020-02-02> patch level 2
L3 programming layer <2020-02-14> (/home/asu/na/v/style/beamhead.tex
(/usr/share/texlive/texmf-dist/tex/latex/beamer/beamer.cls
Document Class: beamer 2019/09/29 v3.57 A class for typesetting presentations
(/usr/share/texlive/texmf-dist/tex/latex/beamer/beamerbasemodes.sty
(/usr/share/texlive/texmf-dist/tex/latex/etoolbox/etoolbox.sty
Package: etoolbox 2019/09/21 v2.5h e-TeX tools for LaTeX (JAW)
\etb@tempcnta=\count167
)
\beamer@tempbox=\box45
\beamer@tempcount=\count168
\c@beamerpauses=\count169

(/usr/share/texlive/texmf-dist/tex/latex/beamer/beamerbasedecode.sty
\beamer@slideinframe=\count170
\beamer@minimum=\count171
\beamer@decode@box=\box46
)
\beamer@commentbox=\box47
\beamer@modecount=\count172
)
(/usr/share/texlive/texmf-dist/tex/generic/iftex/ifpdf.sty
Package: ifpdf 2019/10/25 v3.4 ifpdf legacy package. Use iftex instead.

(/usr/share/texlive/texmf-dist/tex/generic/iftex/iftex.sty
Package: iftex 2019/11/07 v1.0c TeX engine tests
))
\headdp=\dimen134
\footheight=\dimen135
\sidebarheight=\dimen136
\beamer@tempdim=\dimen137
\beamer@finalheight=\dimen138
\beamer@animht=\dimen139
\beamer@animdp=\dimen140
\beamer@animwd=\dimen141
\beamer@leftmargin=\dimen142
\beamer@rightmargin=\dimen143
\beamer@leftsidebar=\dimen144
\beamer@rightsidebar=\dimen145
\beamer@boxsize=\dimen146
\beamer@vboxoffset=\dimen147
\beamer@descdefault=\dimen148
\beamer@descriptionwidth=\dimen149
\beamer@lastskip=\skip47
\beamer@areabox=\box48
\beamer@animcurrent=\box49
\beamer@animshowbox=\box50
\beamer@sectionbox=\box51
\beamer@logobox=\box52
\beamer@linebox=\box53
\beamer@sectioncount=\count173
\beamer@subsubsectionmax=\count174
\beamer@subsectionmax=\count175
\beamer@sectionmax=\count176
\beamer@totalheads=\count177
\beamer@headcounter=\count178
\beamer@partstartpage=\count179
\beamer@sectionstartpage=\count180
\beamer@subsectionstartpage=\count181
\beamer@animationtempa=\count182
\beamer@animationtempb=\count183
\beamer@xpos=\count184
\beamer@ypos=\count185
\beamer@ypos@offset=\count186
\beamer@showpartnumber=\count187
\beamer@currentsubsection=\count188
\beamer@coveringdepth=\count189
\beamer@sectionadjust=\count190
\beamer@tocsectionnumber=\count191

(/usr/share/texlive/texmf-dist/tex/latex/beamer/beamerbaseoptions.sty
(/usr/share/texlive/texmf-dist/tex/latex/graphics/keyval.sty
Package: keyval 2014/10/28 v1.15 key=value parser (DPC)
\KV@toks@=\toks14
))
\beamer@paperwidth=\skip48
\beamer@paperheight=\skip49

(/usr/share/texlive/texmf-dist/tex/latex/geometry/geometry.sty
Package: geometry 2020/01/02 v5.9 Page Geometry

(/usr/share/texlive/texmf-dist/tex/generic/iftex/ifvtex.sty
Package: ifvtex 2019/10/25 v1.7 ifvtex legacy package. Use iftex instead.
)
\Gm@cnth=\count192
\Gm@cntv=\count193
\c@Gm@tempcnt=\count194
\Gm@bindingoffset=\dimen150
\Gm@wd@mp=\dimen151
\Gm@odd@mp=\dimen152
\Gm@even@mp=\dimen153
\Gm@layoutwidth=\dimen154
\Gm@layoutheight=\dimen155
\Gm@layouthoffset=\dimen156
\Gm@layoutvoffset=\dimen157
\Gm@dimlist=\toks15
)
(/usr/share/texlive/texmf-dist/tex/latex/base/size11.clo
File: size11.clo 2019/12/20 v1.4l Standard LaTeX file (size option)
)
(/usr/share/texlive/texmf-dist/tex/latex/pgf/basiclayer/pgfcore.sty
(/usr/share/texlive/texmf-dist/tex/latex/graphics/graphicx.sty
Package: graphicx 2019/11/30 v1.2a Enhanced LaTeX Graphics (DPC,SPQR)

(/usr/share/texlive/texmf-dist/tex/latex/graphics/graphics.sty
Package: graphics 2019/11/30 v1.4a Standard LaTeX Graphics (DPC,SPQR)

(/usr/share/texlive/texmf-dist/tex/latex/graphics/trig.sty
Package: trig 2016/01/03 v1.10 sin cos tan (DPC)
)
(/usr/share/texlive/texmf-dist/tex/latex/graphics-cfg/graphics.cfg
File: graphics.cfg 2016/06/04 v1.11 sample graphics configuration
)
Package graphics Info: Driver file: pdftex.def on input line 105.

(/usr/share/texlive/texmf-dist/tex/latex/graphics-def/pdftex.def
File: pdftex.def 2018/01/08 v1.0l Graphics/color driver for pdftex
))
\Gin@req@height=\dimen158
\Gin@req@width=\dimen159
)
(/usr/share/texlive/texmf-dist/tex/latex/pgf/systemlayer/pgfsys.sty
(/usr/share/texlive/texmf-dist/tex/latex/pgf/utilities/pgfrcs.sty
(/usr/share/texlive/texmf-dist/tex/generic/pgf/utilities/pgfutil-common.tex
\pgfutil@everybye=\toks16
\pgfutil@tempdima=\dimen160
\pgfutil@tempdimb=\dimen161

(/usr/share/texlive/texmf-dist/tex/generic/pgf/utilities/pgfutil-common-lists.t
ex)) (/usr/share/texlive/texmf-dist/tex/generic/pgf/utilities/pgfutil-latex.def
\pgfutil@abb=\box54
(/usr/share/texlive/texmf-dist/tex/latex/ms/everyshi.sty
Package: everyshi 2001/05/15 v3.00 EveryShipout Package (MS)
))
(/usr/share/texlive/texmf-dist/tex/generic/pgf/utilities/pgfrcs.code.tex
(/usr/share/texlive/texmf-dist/tex/generic/pgf/pgf.revision.tex)
Package: pgfrcs 2020/01/08 v3.1.5b (3.1.5b)
))
(/usr/share/texlive/texmf-dist/tex/generic/pgf/systemlayer/pgfsys.code.tex
Package: pgfsys 2020/01/08 v3.1.5b (3.1.5b)

(/usr/share/texlive/texmf-dist/tex/generic/pgf/utilities/pgfkeys.code.tex
\pgfkeys@pathtoks=\toks17
\pgfkeys@temptoks=\toks18

(/usr/share/texlive/texmf-dist/tex/generic/pgf/utilities/pgfkeysfiltered.code.t
ex
\pgfkeys@tmptoks=\toks19
))
\pgf@x=\dimen162
\pgf@y=\dimen163
\pgf@xa=\dimen164
\pgf@ya=\dimen165
\pgf@xb=\dimen166
\pgf@yb=\dimen167
\pgf@xc=\dimen168
\pgf@yc=\dimen169
\pgf@xd=\dimen170
\pgf@yd=\dimen171
\w@pgf@writea=\write3
\r@pgf@reada=\read2
\c@pgf@counta=\count195
\c@pgf@countb=\count196
\c@pgf@countc=\count197
\c@pgf@countd=\count198
\t@pgf@toka=\toks20
\t@pgf@tokb=\toks21
\t@pgf@tokc=\toks22
\pgf@sys@id@count=\count199
 (/usr/share/texlive/texmf-dist/tex/generic/pgf/systemlayer/pgf.cfg
File: pgf.cfg 2020/01/08 v3.1.5b (3.1.5b)
)
Driver file for pgf: pgfsys-pdftex.def

(/usr/share/texlive/texmf-dist/tex/generic/pgf/systemlayer/pgfsys-pdftex.def
File: pgfsys-pdftex.def 2020/01/08 v3.1.5b (3.1.5b)

(/usr/share/texlive/texmf-dist/tex/generic/pgf/systemlayer/pgfsys-common-pdf.de
f
File: pgfsys-common-pdf.def 2020/01/08 v3.1.5b (3.1.5b)
)))
(/usr/share/texlive/texmf-dist/tex/generic/pgf/systemlayer/pgfsyssoftpath.code.
tex
File: pgfsyssoftpath.code.tex 2020/01/08 v3.1.5b (3.1.5b)
\pgfsyssoftpath@smallbuffer@items=\count266
\pgfsyssoftpath@bigbuffer@items=\count267
)
(/usr/share/texlive/texmf-dist/tex/generic/pgf/systemlayer/pgfsysprotocol.code.
tex
File: pgfsysprotocol.code.tex 2020/01/08 v3.1.5b (3.1.5b)
)) (/usr/share/texlive/texmf-dist/tex/latex/xcolor/xcolor.sty
Package: xcolor 2016/05/11 v2.12 LaTeX color extensions (UK)

(/usr/share/texlive/texmf-dist/tex/latex/graphics-cfg/color.cfg
File: color.cfg 2016/01/02 v1.6 sample color configuration
)
Package xcolor Info: Driver file: pdftex.def on input line 225.
Package xcolor Info: Model `cmy' substituted by `cmy0' on input line 1348.
Package xcolor Info: Model `hsb' substituted by `rgb' on input line 1352.
Package xcolor Info: Model `RGB' extended on input line 1364.
Package xcolor Info: Model `HTML' substituted by `rgb' on input line 1366.
Package xcolor Info: Model `Hsb' substituted by `hsb' on input line 1367.
Package xcolor Info: Model `tHsb' substituted by `hsb' on input line 1368.
Package xcolor Info: Model `HSB' substituted by `hsb' on input line 1369.
Package xcolor Info: Model `Gray' substituted by `gray' on input line 1370.
Package xcolor Info: Model `wave' substituted by `hsb' on input line 1371.
)
(/usr/share/texlive/texmf-dist/tex/generic/pgf/basiclayer/pgfcore.code.tex
Package: pgfcore 2020/01/08 v3.1.5b (3.1.5b)

(/usr/share/texlive/texmf-dist/tex/generic/pgf/math/pgfmath.code.tex
(/usr/share/texlive/texmf-dist/tex/generic/pgf/math/pgfmathcalc.code.tex
(/usr/share/texlive/texmf-dist/tex/generic/pgf/math/pgfmathutil.code.tex)
(/usr/share/texlive/texmf-dist/tex/generic/pgf/math/pgfmathparser.code.tex
\pgfmath@dimen=\dimen172
\pgfmath@count=\count268
\pgfmath@box=\box55
\pgfmath@toks=\toks23
\pgfmath@stack@operand=\toks24
\pgfmath@stack@operation=\toks25
)
(/usr/share/texlive/texmf-dist/tex/generic/pgf/math/pgfmathfunctions.code.tex
(/usr/share/texlive/texmf-dist/tex/generic/pgf/math/pgfmathfunctions.basic.code
.tex)
(/usr/share/texlive/texmf-dist/tex/generic/pgf/math/pgfmathfunctions.trigonomet
ric.code.tex)
(/usr/share/texlive/texmf-dist/tex/generic/pgf/math/pgfmathfunctions.random.cod
e.tex)
(/usr/share/texlive/texmf-dist/tex/generic/pgf/math/pgfmathfunctions.comparison
.code.tex)
(/usr/share/texlive/texmf-dist/tex/generic/pgf/math/pgfmathfunctions.base.code.
tex)
(/usr/share/texlive/texmf-dist/tex/generic/pgf/math/pgfmathfunctions.round.code
.tex)
(/usr/share/texlive/texmf-dist/tex/generic/pgf/math/pgfmathfunctions.misc.code.
tex)
(/usr/share/texlive/texmf-dist/tex/generic/pgf/math/pgfmathfunctions.integerari
thmetics.code.tex)))
(/usr/share/texlive/texmf-dist/tex/generic/pgf/math/pgfmathfloat.code.tex
\c@pgfmathroundto@lastzeros=\count269
))
(/usr/share/texlive/texmf-dist/tex/generic/pgf/math/pgfint.code.tex)
(/usr/share/texlive/texmf-dist/tex/generic/pgf/basiclayer/pgfcorepoints.code.te
x
File: pgfcorepoints.code.tex 2020/01/08 v3.1.5b (3.1.5b)
\pgf@picminx=\dimen173
\pgf@picmaxx=\dimen174
\pgf@picminy=\dimen175
\pgf@picmaxy=\dimen176
\pgf@pathminx=\dimen177
\pgf@pathmaxx=\dimen178
\pgf@pathminy=\dimen179
\pgf@pathmaxy=\dimen180
\pgf@xx=\dimen181
\pgf@xy=\dimen182
\pgf@yx=\dimen183
\pgf@yy=\dimen184
\pgf@zx=\dimen185
\pgf@zy=\dimen186
)
(/usr/share/texlive/texmf-dist/tex/generic/pgf/basiclayer/pgfcorepathconstruct.
code.tex
File: pgfcorepathconstruct.code.tex 2020/01/08 v3.1.5b (3.1.5b)
\pgf@path@lastx=\dimen187
\pgf@path@lasty=\dimen188
)
(/usr/share/texlive/texmf-dist/tex/generic/pgf/basiclayer/pgfcorepathusage.code
.tex
File: pgfcorepathusage.code.tex 2020/01/08 v3.1.5b (3.1.5b)
\pgf@shorten@end@additional=\dimen189
\pgf@shorten@start@additional=\dimen190
)
(/usr/share/texlive/texmf-dist/tex/generic/pgf/basiclayer/pgfcorescopes.code.te
x
File: pgfcorescopes.code.tex 2020/01/08 v3.1.5b (3.1.5b)
\pgfpic=\box56
\pgf@hbox=\box57
\pgf@layerbox@main=\box58
\pgf@picture@serial@count=\count270
)
(/usr/share/texlive/texmf-dist/tex/generic/pgf/basiclayer/pgfcoregraphicstate.c
ode.tex
File: pgfcoregraphicstate.code.tex 2020/01/08 v3.1.5b (3.1.5b)
\pgflinewidth=\dimen191
)
(/usr/share/texlive/texmf-dist/tex/generic/pgf/basiclayer/pgfcoretransformation
s.code.tex
File: pgfcoretransformations.code.tex 2020/01/08 v3.1.5b (3.1.5b)
\pgf@pt@x=\dimen192
\pgf@pt@y=\dimen193
\pgf@pt@temp=\dimen194
)
(/usr/share/texlive/texmf-dist/tex/generic/pgf/basiclayer/pgfcorequick.code.tex
File: pgfcorequick.code.tex 2020/01/08 v3.1.5b (3.1.5b)
)
(/usr/share/texlive/texmf-dist/tex/generic/pgf/basiclayer/pgfcoreobjects.code.t
ex
File: pgfcoreobjects.code.tex 2020/01/08 v3.1.5b (3.1.5b)
)
(/usr/share/texlive/texmf-dist/tex/generic/pgf/basiclayer/pgfcorepathprocessing
.code.tex
File: pgfcorepathprocessing.code.tex 2020/01/08 v3.1.5b (3.1.5b)
)
(/usr/share/texlive/texmf-dist/tex/generic/pgf/basiclayer/pgfcorearrows.code.te
x
File: pgfcorearrows.code.tex 2020/01/08 v3.1.5b (3.1.5b)
\pgfarrowsep=\dimen195
)
(/usr/share/texlive/texmf-dist/tex/generic/pgf/basiclayer/pgfcoreshade.code.tex
File: pgfcoreshade.code.tex 2020/01/08 v3.1.5b (3.1.5b)
\pgf@max=\dimen196
\pgf@sys@shading@range@num=\count271
\pgf@shadingcount=\count272
)
(/usr/share/texlive/texmf-dist/tex/generic/pgf/basiclayer/pgfcoreimage.code.tex
File: pgfcoreimage.code.tex 2020/01/08 v3.1.5b (3.1.5b)

(/usr/share/texlive/texmf-dist/tex/generic/pgf/basiclayer/pgfcoreexternal.code.
tex
File: pgfcoreexternal.code.tex 2020/01/08 v3.1.5b (3.1.5b)
\pgfexternal@startupbox=\box59
))
(/usr/share/texlive/texmf-dist/tex/generic/pgf/basiclayer/pgfcorelayers.code.te
x
File: pgfcorelayers.code.tex 2020/01/08 v3.1.5b (3.1.5b)
)
(/usr/share/texlive/texmf-dist/tex/generic/pgf/basiclayer/pgfcoretransparency.c
ode.tex
File: pgfcoretransparency.code.tex 2020/01/08 v3.1.5b (3.1.5b)
)
(/usr/share/texlive/texmf-dist/tex/generic/pgf/basiclayer/pgfcorepatterns.code.
tex
File: pgfcorepatterns.code.tex 2020/01/08 v3.1.5b (3.1.5b)
)
(/usr/share/texlive/texmf-dist/tex/generic/pgf/basiclayer/pgfcorerdf.code.tex
File: pgfcorerdf.code.tex 2020/01/08 v3.1.5b (3.1.5b)
))) (/usr/share/texlive/texmf-dist/tex/latex/pgf/utilities/xxcolor.sty
Package: xxcolor 2003/10/24 ver 0.1
\XC@nummixins=\count273
\XC@countmixins=\count274
)
(/usr/share/texlive/texmf-dist/tex/generic/atbegshi/atbegshi.sty
Package: atbegshi 2019/12/05 v1.19 At begin shipout hook (HO)

(/usr/share/texlive/texmf-dist/tex/generic/infwarerr/infwarerr.sty
Package: infwarerr 2019/12/03 v1.5 Providing info/warning/error messages (HO)
)
(/usr/share/texlive/texmf-dist/tex/generic/ltxcmds/ltxcmds.sty
Package: ltxcmds 2019/12/15 v1.24 LaTeX kernel commands for general use (HO)
))
(/usr/share/texlive/texmf-dist/tex/latex/hyperref/hyperref.sty
Package: hyperref 2020/01/14 v7.00d Hypertext links for LaTeX

(/usr/share/texlive/texmf-dist/tex/latex/pdftexcmds/pdftexcmds.sty
Package: pdftexcmds 2019/11/24 v0.31 Utility functions of pdfTeX for LuaTeX (HO
)
Package pdftexcmds Info: \pdf@primitive is available.
Package pdftexcmds Info: \pdf@ifprimitive is available.
Package pdftexcmds Info: \pdfdraftmode found.
)
(/usr/share/texlive/texmf-dist/tex/generic/kvsetkeys/kvsetkeys.sty
Package: kvsetkeys 2019/12/15 v1.18 Key value parser (HO)
)
(/usr/share/texlive/texmf-dist/tex/generic/kvdefinekeys/kvdefinekeys.sty
Package: kvdefinekeys 2019-12-19 v1.6 Define keys (HO)
)
(/usr/share/texlive/texmf-dist/tex/generic/pdfescape/pdfescape.sty
Package: pdfescape 2019/12/09 v1.15 Implements pdfTeX's escape features (HO)
)
(/usr/share/texlive/texmf-dist/tex/latex/hycolor/hycolor.sty
Package: hycolor 2020-01-27 v1.10 Color options for hyperref/bookmark (HO)
)
(/usr/share/texlive/texmf-dist/tex/latex/letltxmacro/letltxmacro.sty
Package: letltxmacro 2019/12/03 v1.6 Let assignment for LaTeX macros (HO)
)
(/usr/share/texlive/texmf-dist/tex/latex/auxhook/auxhook.sty
Package: auxhook 2019-12-17 v1.6 Hooks for auxiliary files (HO)
)
(/usr/share/texlive/texmf-dist/tex/latex/kvoptions/kvoptions.sty
Package: kvoptions 2019/11/29 v3.13 Key value format for package options (HO)
)
\@linkdim=\dimen197
\Hy@linkcounter=\count275
\Hy@pagecounter=\count276

(/usr/share/texlive/texmf-dist/tex/latex/hyperref/pd1enc.def
File: pd1enc.def 2020/01/14 v7.00d Hyperref: PDFDocEncoding definition (HO)
Now handling font encoding PD1 ...
... no UTF-8 mapping file for font encoding PD1
)
(/usr/share/texlive/texmf-dist/tex/generic/intcalc/intcalc.sty
Package: intcalc 2019/12/15 v1.3 Expandable calculations with integers (HO)
)
(/usr/share/texlive/texmf-dist/tex/generic/etexcmds/etexcmds.sty
Package: etexcmds 2019/12/15 v1.7 Avoid name clashes with e-TeX commands (HO)
)
\Hy@SavedSpaceFactor=\count277
\pdfmajorversion=\count278
Package hyperref Info: Option `bookmarks' set `true' on input line 4421.
Package hyperref Info: Option `bookmarksopen' set `true' on input line 4421.
Package hyperref Info: Option `implicit' set `false' on input line 4421.
Package hyperref Info: Hyper figures OFF on input line 4547.
Package hyperref Info: Link nesting OFF on input line 4552.
Package hyperref Info: Hyper index ON on input line 4555.
Package hyperref Info: Plain pages OFF on input line 4562.
Package hyperref Info: Backreferencing OFF on input line 4567.
Package hyperref Info: Implicit mode OFF; no redefinition of LaTeX internals.
Package hyperref Info: Bookmarks ON on input line 4800.
\c@Hy@tempcnt=\count279

(/usr/share/texlive/texmf-dist/tex/latex/url/url.sty
\Urlmuskip=\muskip16
Package: url 2013/09/16  ver 3.4  Verb mode for urls, etc.
)
LaTeX Info: Redefining \url on input line 5159.
\XeTeXLinkMargin=\dimen198

(/usr/share/texlive/texmf-dist/tex/generic/bitset/bitset.sty
Package: bitset 2019/12/09 v1.3 Handle bit-vector datatype (HO)

(/usr/share/texlive/texmf-dist/tex/generic/bigintcalc/bigintcalc.sty
Package: bigintcalc 2019/12/15 v1.5 Expandable calculations on big integers (HO
)
))
\Fld@menulength=\count280
\Field@Width=\dimen199
\Fld@charsize=\dimen256
Package hyperref Info: Hyper figures OFF on input line 6430.
Package hyperref Info: Link nesting OFF on input line 6435.
Package hyperref Info: Hyper index ON on input line 6438.
Package hyperref Info: backreferencing OFF on input line 6445.
Package hyperref Info: Link coloring OFF on input line 6450.
Package hyperref Info: Link coloring with OCG OFF on input line 6455.
Package hyperref Info: PDF/A mode OFF on input line 6460.
LaTeX Info: Redefining \ref on input line 6500.
LaTeX Info: Redefining \pageref on input line 6504.
\Hy@abspage=\count281


Package hyperref Message: Stopped early.

)
Package hyperref Info: Driver (autodetected): hpdftex.
 (/usr/share/texlive/texmf-dist/tex/latex/hyperref/hpdftex.def
File: hpdftex.def 2020/01/14 v7.00d Hyperref driver for pdfTeX

(/usr/share/texlive/texmf-dist/tex/latex/atveryend/atveryend.sty
Package: atveryend 2019-12-11 v1.11 Hooks at the very end of document (HO)
)
\Fld@listcount=\count282
\c@bookmark@seq@number=\count283

(/usr/share/texlive/texmf-dist/tex/latex/rerunfilecheck/rerunfilecheck.sty
Package: rerunfilecheck 2019/12/05 v1.9 Rerun checks for auxiliary files (HO)

(/usr/share/texlive/texmf-dist/tex/generic/uniquecounter/uniquecounter.sty
Package: uniquecounter 2019/12/15 v1.4 Provide unlimited unique counter (HO)
)
Package uniquecounter Info: New unique counter `rerunfilecheck' on input line 2
86.
))
(/usr/share/texlive/texmf-dist/tex/latex/beamer/beamerbaserequires.sty
(/usr/share/texlive/texmf-dist/tex/latex/beamer/beamerbasecompatibility.sty)
(/usr/share/texlive/texmf-dist/tex/latex/beamer/beamerbasefont.sty
(/usr/share/texlive/texmf-dist/tex/latex/amsfonts/amssymb.sty
Package: amssymb 2013/01/14 v3.01 AMS font symbols

(/usr/share/texlive/texmf-dist/tex/latex/amsfonts/amsfonts.sty
Package: amsfonts 2013/01/14 v3.01 Basic AMSFonts support
\@emptytoks=\toks26
\symAMSa=\mathgroup4
\symAMSb=\mathgroup5
LaTeX Font Info:    Redeclaring math symbol \hbar on input line 98.
LaTeX Font Info:    Overwriting math alphabet `\mathfrak' in version `bold'
(Font)                  U/euf/m/n --> U/euf/b/n on input line 106.
))
(/usr/share/texlive/texmf-dist/tex/latex/sansmathaccent/sansmathaccent.sty
Package: sansmathaccent 2020/01/31

(/usr/share/texlive/texmf-dist/tex/latex/koma-script/scrlfile.sty
Package: scrlfile 2020/01/24 v3.29 KOMA-Script package (loading files)
)))
(/usr/share/texlive/texmf-dist/tex/latex/beamer/beamerbasetranslator.sty
(/usr/share/texlive/texmf-dist/tex/latex/translator/translator.sty
Package: translator 2019-05-31 v1.12a Easy translation of strings in LaTeX
))
(/usr/share/texlive/texmf-dist/tex/latex/beamer/beamerbasemisc.sty)
(/usr/share/texlive/texmf-dist/tex/latex/beamer/beamerbasetwoscreens.sty)
(/usr/share/texlive/texmf-dist/tex/latex/beamer/beamerbaseoverlay.sty
\beamer@argscount=\count284
\beamer@lastskipcover=\skip50
\beamer@trivlistdepth=\count285
)
(/usr/share/texlive/texmf-dist/tex/latex/beamer/beamerbasetitle.sty)
(/usr/share/texlive/texmf-dist/tex/latex/beamer/beamerbasesection.sty
\c@lecture=\count286
\c@part=\count287
\c@section=\count288
\c@subsection=\count289
\c@subsubsection=\count290
)
(/usr/share/texlive/texmf-dist/tex/latex/beamer/beamerbaseframe.sty
\beamer@framebox=\box60
\beamer@frametitlebox=\box61
\beamer@zoombox=\box62
\beamer@zoomcount=\count291
\beamer@zoomframecount=\count292
\beamer@frametextheight=\dimen257
\c@subsectionslide=\count293
\beamer@frametopskip=\skip51
\beamer@framebottomskip=\skip52
\beamer@frametopskipautobreak=\skip53
\beamer@framebottomskipautobreak=\skip54
\beamer@envbody=\toks27
\framewidth=\dimen258
\c@framenumber=\count294
)
(/usr/share/texlive/texmf-dist/tex/latex/beamer/beamerbaseverbatim.sty
\beamer@verbatimfileout=\write4
)
(/usr/share/texlive/texmf-dist/tex/latex/beamer/beamerbaseframesize.sty
\beamer@splitbox=\box63
\beamer@autobreakcount=\count295
\beamer@autobreaklastheight=\dimen259
\beamer@frametitletoks=\toks28
\beamer@framesubtitletoks=\toks29
)
(/usr/share/texlive/texmf-dist/tex/latex/beamer/beamerbaseframecomponents.sty
\beamer@footins=\box64
)
(/usr/share/texlive/texmf-dist/tex/latex/beamer/beamerbasecolor.sty)
(/usr/share/texlive/texmf-dist/tex/latex/beamer/beamerbasenotes.sty
\beamer@frameboxcopy=\box65
)
(/usr/share/texlive/texmf-dist/tex/latex/beamer/beamerbasetoc.sty)
(/usr/share/texlive/texmf-dist/tex/latex/beamer/beamerbasetemplates.sty
\beamer@sbttoks=\toks30

(/usr/share/texlive/texmf-dist/tex/latex/beamer/beamerbaseauxtemplates.sty
(/usr/share/texlive/texmf-dist/tex/latex/beamer/beamerbaseboxes.sty
\bmb@box=\box66
\bmb@colorbox=\box67
\bmb@boxshadow=\box68
\bmb@boxshadowball=\box69
\bmb@boxshadowballlarge=\box70
\bmb@temp=\dimen260
\bmb@dima=\dimen261
\bmb@dimb=\dimen262
\bmb@prevheight=\dimen263
)
\beamer@blockheadheight=\dimen264
))
(/usr/share/texlive/texmf-dist/tex/latex/beamer/beamerbaselocalstructure.sty
(/usr/share/texlive/texmf-dist/tex/latex/tools/enumerate.sty
Package: enumerate 2015/07/23 v3.00 enumerate extensions (DPC)
\@enLab=\toks31
)
\c@figure=\count296
\c@table=\count297
\abovecaptionskip=\skip55
\belowcaptionskip=\skip56
)
(/usr/share/texlive/texmf-dist/tex/latex/beamer/beamerbasenavigation.sty
\beamer@section@min@dim=\dimen265
)
(/usr/share/texlive/texmf-dist/tex/latex/beamer/beamerbasetheorems.sty
(/usr/share/texlive/texmf-dist/tex/latex/amsmath/amsmath.sty
Package: amsmath 2020/01/20 v2.17e AMS math features
\@mathmargin=\skip57

For additional information on amsmath, use the `?' option.
(/usr/share/texlive/texmf-dist/tex/latex/amsmath/amstext.sty
Package: amstext 2000/06/29 v2.01 AMS text

(/usr/share/texlive/texmf-dist/tex/latex/amsmath/amsgen.sty
File: amsgen.sty 1999/11/30 v2.0 generic functions
\@emptytoks=\toks32
\ex@=\dimen266
))
(/usr/share/texlive/texmf-dist/tex/latex/amsmath/amsbsy.sty
Package: amsbsy 1999/11/29 v1.2d Bold Symbols
\pmbraise@=\dimen267
)
(/usr/share/texlive/texmf-dist/tex/latex/amsmath/amsopn.sty
Package: amsopn 2016/03/08 v2.02 operator names
)
\inf@bad=\count298
LaTeX Info: Redefining \frac on input line 227.
\uproot@=\count299
\leftroot@=\count300
LaTeX Info: Redefining \overline on input line 389.
\classnum@=\count301
\DOTSCASE@=\count302
LaTeX Info: Redefining \ldots on input line 486.
LaTeX Info: Redefining \dots on input line 489.
LaTeX Info: Redefining \cdots on input line 610.
\Mathstrutbox@=\box71
\strutbox@=\box72
\big@size=\dimen268
LaTeX Font Info:    Redeclaring font encoding OML on input line 733.
LaTeX Font Info:    Redeclaring font encoding OMS on input line 734.
\macc@depth=\count303
\c@MaxMatrixCols=\count304
\dotsspace@=\muskip17
\c@parentequation=\count305
\dspbrk@lvl=\count306
\tag@help=\toks33
\row@=\count307
\column@=\count308
\maxfields@=\count309
\andhelp@=\toks34
\eqnshift@=\dimen269
\alignsep@=\dimen270
\tagshift@=\dimen271
\tagwidth@=\dimen272
\totwidth@=\dimen273
\lineht@=\dimen274
\@envbody=\toks35
\multlinegap=\skip58
\multlinetaggap=\skip59
\mathdisplay@stack=\toks36
LaTeX Info: Redefining \[ on input line 2859.
LaTeX Info: Redefining \] on input line 2860.
)
(/usr/share/texlive/texmf-dist/tex/latex/amscls/amsthm.sty
Package: amsthm 2017/10/31 v2.20.4
\thm@style=\toks37
\thm@bodyfont=\toks38
\thm@headfont=\toks39
\thm@notefont=\toks40
\thm@headpunct=\toks41
\thm@preskip=\skip60
\thm@postskip=\skip61
\thm@headsep=\skip62
\dth@everypar=\toks42
)
\c@theorem=\count310
)
(/usr/share/texlive/texmf-dist/tex/latex/beamer/beamerbasethemes.sty))
(/usr/share/texlive/texmf-dist/tex/latex/beamer/beamerthemedefault.sty
(/usr/share/texlive/texmf-dist/tex/latex/beamer/beamerfontthemedefault.sty)
(/usr/share/texlive/texmf-dist/tex/latex/beamer/beamercolorthemedefault.sty)
(/usr/share/texlive/texmf-dist/tex/latex/beamer/beamerinnerthemedefault.sty
\beamer@dima=\dimen275
\beamer@dimb=\dimen276
)
(/usr/share/texlive/texmf-dist/tex/latex/beamer/beamerouterthemedefault.sty)))
(/usr/share/texlive/texmf-dist/tex/latex/psnfss/pifont.sty
Package: pifont 2005/04/12 PSNFSS-v9.2a Pi font support (SPQR) 
LaTeX Font Info:    Trying to load font information for U+pzd on input line 63.


(/usr/share/texlive/texmf-dist/tex/latex/psnfss/upzd.fd
File: upzd.fd 2001/06/04 font definitions for U/pzd.
)
LaTeX Font Info:    Trying to load font information for U+psy on input line 64.


(/usr/share/texlive/texmf-dist/tex/latex/psnfss/upsy.fd
File: upsy.fd 2001/06/04 font definitions for U/psy.
))
(/usr/share/texlive/texmf-dist/tex/latex/jknapltx/mathrsfs.sty
Package: mathrsfs 1996/01/01 Math RSFS package v1.0 (jk)
\symrsfs=\mathgroup6
)
(/usr/share/texlive/texmf-dist/tex/latex/fancyvrb/fancyvrb.sty
Package: fancyvrb 2020/01/13 v3.5 verbatim text (tvz,hv)
\FV@CodeLineNo=\count311
\FV@InFile=\read3
\FV@TabBox=\box73
\c@FancyVerbLine=\count312
\FV@StepNumber=\count313
\FV@OutFile=\write5
)
(/usr/share/texlive/texmf-dist/tex/latex/textpos/textpos.sty
Package: textpos 2019/04/15 v1.9.1

Package: textpos 2019/04/15 1.9.1, absolute positioning of text on the page
\TP@textbox=\box74
\TP@holdbox=\box75
\TPHorizModule=\dimen277
\TPVertModule=\dimen278
\TP@margin=\dimen279
\TP@absmargin=\dimen280
Grid set 16 x 16 = 22.7622pt x 17.07166pt
\TPboxrulesize=\dimen281
\TP@ox=\dimen282
\TP@oy=\dimen283
\TP@tbargs=\toks43
\TP@prevdepth=\dimen284
TextBlockOrigin set to 0pt x 0pt
) (/home/asu/na/v/style/fancybox.sty
Style option: `fancybox' v1.0 <93/02/10> (tvz)
\@fancybox=\box76
\shadowsize=\dimen285
\@Sbox=\box77
\do@VerbBox=\toks44
\the@fancyput=\toks45
\this@fancyput=\toks46
\EndVerbatimTokens=\toks47
\Verbatim@Outfile=\write6
\Verbatim@Infile=\read4
) (/usr/share/texlive/texmf-dist/tex/latex/tools/calc.sty
Package: calc 2017/05/25 v4.3 Infix arithmetic (KKT,FJ)
\calc@Acount=\count314
\calc@Bcount=\count315
\calc@Adimen=\dimen286
\calc@Bdimen=\dimen287
\calc@Askip=\skip63
\calc@Bskip=\skip64
LaTeX Info: Redefining \setlength on input line 80.
LaTeX Info: Redefining \addtolength on input line 81.
\calc@Ccount=\count316
\calc@Cskip=\skip65
)) (./notesornot.spec) (/usr/share/texlive/texmf-dist/tex/latex/l3backend/l3bac
kend-pdfmode.def
File: l3backend-pdfmode.def 2020-02-03 L3 backend support: PDF mode
\l__kernel_color_stack_int=\count317
\l__pdf_internal_box=\box78
)
(./ghs2022.aux)
\openout1 = `ghs2022.aux'.

LaTeX Font Info:    Checking defaults for OML/cmm/m/it on input line 15.
LaTeX Font Info:    ... okay on input line 15.
LaTeX Font Info:    Checking defaults for OMS/cmsy/m/n on input line 15.
LaTeX Font Info:    ... okay on input line 15.
LaTeX Font Info:    Checking defaults for OT1/cmr/m/n on input line 15.
LaTeX Font Info:    ... okay on input line 15.
LaTeX Font Info:    Checking defaults for T1/cmr/m/n on input line 15.
LaTeX Font Info:    ... okay on input line 15.
LaTeX Font Info:    Checking defaults for TS1/cmr/m/n on input line 15.
LaTeX Font Info:    ... okay on input line 15.
LaTeX Font Info:    Checking defaults for OMX/cmex/m/n on input line 15.
LaTeX Font Info:    ... okay on input line 15.
LaTeX Font Info:    Checking defaults for U/cmr/m/n on input line 15.
LaTeX Font Info:    ... okay on input line 15.
LaTeX Font Info:    Checking defaults for PD1/pdf/m/n on input line 15.
LaTeX Font Info:    ... okay on input line 15.

*geometry* driver: auto-detecting
*geometry* detected driver: pdftex
*geometry* verbose mode - [ preamble ] result:
* driver: pdftex
* paper: custom
* layout: <same size as paper>
* layoutoffset:(h,v)=(0.0pt,0.0pt)
* modes: includehead includefoot 
* h-part:(L,W,R)=(28.45274pt, 307.28987pt, 28.45274pt)
* v-part:(T,H,B)=(0.0pt, 273.14662pt, 0.0pt)
* \paperwidth=364.19536pt
* \paperheight=273.14662pt
* \textwidth=307.28987pt
* \textheight=244.6939pt
* \oddsidemargin=-43.81725pt
* \evensidemargin=-43.81725pt
* \topmargin=-72.26999pt
* \headheight=14.22636pt
* \headsep=0.0pt
* \topskip=11.0pt
* \footskip=14.22636pt
* \marginparwidth=4.0pt
* \marginparsep=10.0pt
* \columnsep=10.0pt
* \skip\footins=10.0pt plus 4.0pt minus 2.0pt
* \hoffset=0.0pt
* \voffset=0.0pt
* \mag=1000
* \@twocolumnfalse
* \@twosidefalse
* \@mparswitchfalse
* \@reversemarginfalse
* (1in=72.27pt=25.4mm, 1cm=28.453pt)

(/usr/share/texlive/texmf-dist/tex/context/base/mkii/supp-pdf.mkii
[Loading MPS to PDF converter (version 2006.09.02).]
\scratchcounter=\count318
\scratchdimen=\dimen288
\scratchbox=\box79
\nofMPsegments=\count319
\nofMParguments=\count320
\everyMPshowfont=\toks48
\MPscratchCnt=\count321
\MPscratchDim=\dimen289
\MPnumerator=\count322
\makeMPintoPDFobject=\count323
\everyMPtoPDFconversion=\toks49
) (/usr/share/texlive/texmf-dist/tex/latex/epstopdf-pkg/epstopdf-base.sty
Package: epstopdf-base 2020-01-24 v2.11 Base part for package epstopdf
Package epstopdf-base Info: Redefining graphics rule for `.eps' on input line 4
85.

(/usr/share/texlive/texmf-dist/tex/latex/latexconfig/epstopdf-sys.cfg
File: epstopdf-sys.cfg 2010/07/13 v1.3 Configuration of (r)epstopdf for TeX Liv
e
))
ABD: EveryShipout initializing macros
\AtBeginShipoutBox=\box80
Package hyperref Info: Link coloring OFF on input line 15.

(/usr/share/texlive/texmf-dist/tex/latex/hyperref/nameref.sty
Package: nameref 2019/09/16 v2.46 Cross-referencing by name of section

(/usr/share/texlive/texmf-dist/tex/latex/refcount/refcount.sty
Package: refcount 2019/12/15 v3.6 Data extraction from label references (HO)
)
(/usr/share/texlive/texmf-dist/tex/generic/gettitlestring/gettitlestring.sty
Package: gettitlestring 2019/12/15 v1.6 Cleanup title references (HO)
)
\c@section@level=\count324
)
LaTeX Info: Redefining \ref on input line 15.
LaTeX Info: Redefining \pageref on input line 15.
LaTeX Info: Redefining \nameref on input line 15.

(./ghs2022.out) (./ghs2022.out)
\@outlinefile=\write7
\openout7 = `ghs2022.out'.

LaTeX Font Info:    Overwriting symbol font `operators' in version `normal'
(Font)                  OT1/cmr/m/n --> OT1/cmss/m/n on input line 15.
LaTeX Font Info:    Overwriting symbol font `operators' in version `bold'
(Font)                  OT1/cmr/bx/n --> OT1/cmss/b/n on input line 15.
\symnumbers=\mathgroup7
\sympureletters=\mathgroup8
LaTeX Font Info:    Overwriting math alphabet `\mathrm' in version `normal'
(Font)                  OT1/cmss/m/n --> OT1/cmr/m/n on input line 15.
LaTeX Font Info:    Redeclaring math alphabet \mathbf on input line 15.
LaTeX Font Info:    Overwriting math alphabet `\mathbf' in version `normal'
(Font)                  OT1/cmr/bx/n --> OT1/cmss/b/n on input line 15.
LaTeX Font Info:    Overwriting math alphabet `\mathbf' in version `bold'
(Font)                  OT1/cmr/bx/n --> OT1/cmss/b/n on input line 15.
LaTeX Font Info:    Redeclaring math alphabet \mathsf on input line 15.
LaTeX Font Info:    Overwriting math alphabet `\mathsf' in version `normal'
(Font)                  OT1/cmss/m/n --> OT1/cmss/m/n on input line 15.
LaTeX Font Info:    Overwriting math alphabet `\mathsf' in version `bold'
(Font)                  OT1/cmss/bx/n --> OT1/cmss/m/n on input line 15.
LaTeX Font Info:    Redeclaring math alphabet \mathit on input line 15.
LaTeX Font Info:    Overwriting math alphabet `\mathit' in version `normal'
(Font)                  OT1/cmr/m/it --> OT1/cmss/m/it on input line 15.
LaTeX Font Info:    Overwriting math alphabet `\mathit' in version `bold'
(Font)                  OT1/cmr/bx/it --> OT1/cmss/m/it on input line 15.
LaTeX Font Info:    Redeclaring math alphabet \mathtt on input line 15.
LaTeX Font Info:    Overwriting math alphabet `\mathtt' in version `normal'
(Font)                  OT1/cmtt/m/n --> OT1/cmtt/m/n on input line 15.
LaTeX Font Info:    Overwriting math alphabet `\mathtt' in version `bold'
(Font)                  OT1/cmtt/m/n --> OT1/cmtt/m/n on input line 15.
LaTeX Font Info:    Overwriting symbol font `numbers' in version `bold'
(Font)                  OT1/cmss/m/n --> OT1/cmss/b/n on input line 15.
LaTeX Font Info:    Overwriting symbol font `pureletters' in version `bold'
(Font)                  OT1/cmss/m/it --> OT1/cmss/b/it on input line 15.
LaTeX Font Info:    Overwriting math alphabet `\mathrm' in version `bold'
(Font)                  OT1/cmss/b/n --> OT1/cmr/b/n on input line 15.
LaTeX Font Info:    Overwriting math alphabet `\mathbf' in version `bold'
(Font)                  OT1/cmss/b/n --> OT1/cmss/b/n on input line 15.
LaTeX Font Info:    Overwriting math alphabet `\mathsf' in version `bold'
(Font)                  OT1/cmss/m/n --> OT1/cmss/b/n on input line 15.
LaTeX Font Info:    Overwriting math alphabet `\mathit' in version `bold'
(Font)                  OT1/cmss/m/it --> OT1/cmss/b/it on input line 15.
LaTeX Font Info:    Overwriting math alphabet `\mathtt' in version `bold'
(Font)                  OT1/cmtt/m/n --> OT1/cmtt/b/n on input line 15.
LaTeX Font Info:    Redeclaring symbol font `pureletters' on input line 15.
LaTeX Font Info:    Overwriting symbol font `pureletters' in version `normal'
(Font)                  OT1/cmss/m/it --> OT1/mathkerncmss/m/sl on input line 1
5.
LaTeX Font Info:    Overwriting symbol font `pureletters' in version `bold'
(Font)                  OT1/cmss/b/it --> OT1/mathkerncmss/m/sl on input line 1
5.
LaTeX Font Info:    Overwriting symbol font `pureletters' in version `bold'
(Font)                  OT1/mathkerncmss/m/sl --> OT1/mathkerncmss/bx/sl on inp
ut line 15.

(/usr/share/texlive/texmf-dist/tex/latex/translator/translator-basic-dictionary
-English.dict
Dictionary: translator-basic-dictionary, Language: English 
)
(/usr/share/texlive/texmf-dist/tex/latex/translator/translator-bibliography-dic
tionary-English.dict
Dictionary: translator-bibliography-dictionary, Language: English 
)
(/usr/share/texlive/texmf-dist/tex/latex/translator/translator-environment-dict
ionary-English.dict
Dictionary: translator-environment-dictionary, Language: English 
)
(/usr/share/texlive/texmf-dist/tex/latex/translator/translator-months-dictionar
y-English.dict
Dictionary: translator-months-dictionary, Language: English 
)
(/usr/share/texlive/texmf-dist/tex/latex/translator/translator-numbers-dictiona
ry-English.dict
Dictionary: translator-numbers-dictionary, Language: English 
)
(/usr/share/texlive/texmf-dist/tex/latex/translator/translator-theorem-dictiona
ry-English.dict
Dictionary: translator-theorem-dictionary, Language: English 
) (./ghs2022.nav)
Overfull \hbox (11.88081pt too wide) in paragraph at lines 49--49
[]\OT1/cmss/bx/n/12 0+2=2  
 []

<image/goeclean1.png, id=29, 592.2125pt x 699.61375pt>
File: image/goeclean1.png Graphic file (type png)
<use image/goeclean1.png>
Package pdftex.def Info: image/goeclean1.png  used on input line 49.
(pdftex.def)             Requested size: 296.10551pt x 349.80602pt.

Overfull \hbox (11.57808pt too wide) in paragraph at lines 49--49
 [] 
 []


LaTeX Font Warning: Font shape `OT1/cmss/bx/it' undefined
(Font)              using `OT1/cmss/bx/n' instead on input line 49.

LaTeX Font Info:    Trying to load font information for U+msa on input line 49.

(/usr/share/texlive/texmf-dist/tex/latex/amsfonts/umsa.fd
File: umsa.fd 2013/01/14 v3.01 AMS symbols A
)
LaTeX Font Info:    Trying to load font information for U+msb on input line 49.


(/usr/share/texlive/texmf-dist/tex/latex/amsfonts/umsb.fd
File: umsb.fd 2013/01/14 v3.01 AMS symbols B
)
LaTeX Font Info:    Trying to load font information for U+rsfs on input line 49
.

(/usr/share/texlive/texmf-dist/tex/latex/jknapltx/ursfs.fd
File: ursfs.fd 1998/03/24 rsfs font definition file (jk)
)
LaTeX Font Info:    Trying to load font information for OT1+mathkerncmss on inp
ut line 49.

(/usr/share/texlive/texmf-dist/tex/latex/sansmathaccent/ot1mathkerncmss.fd
File: ot1mathkerncmss.fd 2020/01/31 Fontinst v1.933 font definitions for OT1/ma
thkerncmss.
)
[1

{/var/lib/texmf/fonts/map/pdftex/updmap/pdftex.map} <./image/goeclean1.png>]
Overfull \hbox (11.88081pt too wide) in paragraph at lines 49--49
[]\OT1/cmss/bx/n/12 0+2=2  
 []

<image/goeclean2.png, id=39, 592.2125pt x 699.61375pt>
File: image/goeclean2.png Graphic file (type png)
<use image/goeclean2.png>
Package pdftex.def Info: image/goeclean2.png  used on input line 49.
(pdftex.def)             Requested size: 296.10551pt x 349.80602pt.

Overfull \hbox (11.57808pt too wide) in paragraph at lines 49--49
 [] 
 []

[2

 <./image/goeclean2.png>]
Overfull \hbox (11.88081pt too wide) in paragraph at lines 49--49
[]\OT1/cmss/bx/it/12 0+2=2  
 []

<image/goeclean3.png, id=46, 592.2125pt x 699.61375pt>
File: image/goeclean3.png Graphic file (type png)
<use image/goeclean3.png>
Package pdftex.def Info: image/goeclean3.png  used on input line 49.
(pdftex.def)             Requested size: 296.10551pt x 349.80602pt.

Overfull \hbox (11.57808pt too wide) in paragraph at lines 49--49
 [] 
 []

[3

 <./image/goeclean3.png>]
Overfull \hbox (11.88081pt too wide) in paragraph at lines 49--49
[]\OT1/cmss/bx/it/12 0+2=2  
 []

<image/goeclean4.png, id=53, 592.2125pt x 699.61375pt>
File: image/goeclean4.png Graphic file (type png)
<use image/goeclean4.png>
Package pdftex.def Info: image/goeclean4.png  used on input line 49.
(pdftex.def)             Requested size: 296.10551pt x 349.80602pt.

Overfull \hbox (11.57808pt too wide) in paragraph at lines 49--49
 [] 
 []

[4

 <./image/goeclean4.png>]
Overfull \hbox (11.88081pt too wide) in paragraph at lines 66--66
[]\OT1/cmss/bx/it/12 2+2=4  
 []

<image/linegoe1.pdf, id=60, 317.98799pt x 238.49101pt>
File: image/linegoe1.pdf Graphic file (type pdf)
<use image/linegoe1.pdf>
Package pdftex.def Info: image/linegoe1.pdf  used on input line 66.
(pdftex.def)             Requested size: 190.79425pt x 143.0957pt.
[5

 <./image/linegoe1.pdf>]
Overfull \hbox (11.88081pt too wide) in paragraph at lines 66--66
[]\OT1/cmss/bx/it/12 2+2=4  
 []

<image/linegoe2.pdf, id=68, 317.98799pt x 238.49101pt>
File: image/linegoe2.pdf Graphic file (type pdf)
<use image/linegoe2.pdf>
Package pdftex.def Info: image/linegoe2.pdf  used on input line 66.
(pdftex.def)             Requested size: 190.79425pt x 143.0957pt.
[6

 <./image/linegoe2.pdf>]
Overfull \hbox (11.88081pt too wide) in paragraph at lines 167--167
[]\OT1/cmss/bx/it/12 4+2=6  
 []

<image/fun0a.png, id=76, 1104.125pt x 318.18875pt>
File: image/fun0a.png Graphic file (type png)
<use image/fun0a.png>
Package pdftex.def Info: image/fun0a.png  used on input line 167.
(pdftex.def)             Requested size: 331.24005pt x 95.45735pt.

Overfull \hbox (23.95018pt too wide) in paragraph at lines 167--167
 [] 
 []

[7

 <./image/fun0a.png (PNG copy)>]
Overfull \hbox (11.88081pt too wide) in paragraph at lines 167--167
[]\OT1/cmss/bx/it/12 4+2=6  
 []

<image/fun0b.png, id=83, 1104.125pt x 318.18875pt>
File: image/fun0b.png Graphic file (type png)
<use image/fun0b.png>
Package pdftex.def Info: image/fun0b.png  used on input line 167.
(pdftex.def)             Requested size: 331.24005pt x 95.45735pt.

Overfull \hbox (23.95018pt too wide) in paragraph at lines 167--167
 [] 
 []

[8

 <./image/fun0b.png (PNG copy)>]
Overfull \hbox (11.88081pt too wide) in paragraph at lines 167--167
[]\OT1/cmss/bx/it/12 4+2=6  
 []

File: image/fun0a.png Graphic file (type png)
<use image/fun0a.png>
Package pdftex.def Info: image/fun0a.png  used on input line 167.
(pdftex.def)             Requested size: 331.24005pt x 95.45735pt.

Overfull \hbox (23.95018pt too wide) in paragraph at lines 167--167
 [] 
 []

[9

]
Overfull \hbox (11.88081pt too wide) in paragraph at lines 167--167
[]\OT1/cmss/bx/it/12 4+2=6  
 []

<image/fun1.png, id=94, 1104.125pt x 318.18875pt>
File: image/fun1.png Graphic file (type png)
<use image/fun1.png>
Package pdftex.def Info: image/fun1.png  used on input line 167.
(pdftex.def)             Requested size: 331.24005pt x 95.45735pt.

Overfull \hbox (23.95018pt too wide) in paragraph at lines 167--167
 [] 
 []

[10

 <./image/fun1.png (PNG copy)>]
Overfull \hbox (11.88081pt too wide) in paragraph at lines 167--167
[]\OT1/cmss/bx/it/12 4+2=6  
 []

<image/fun2a.png, id=100, 1104.125pt x 318.18875pt>
File: image/fun2a.png Graphic file (type png)
<use image/fun2a.png>
Package pdftex.def Info: image/fun2a.png  used on input line 167.
(pdftex.def)             Requested size: 331.24005pt x 95.45735pt.

Overfull \hbox (23.95018pt too wide) in paragraph at lines 167--167
 [] 
 []

[11

 <./image/fun2a.png (PNG copy)>]
Overfull \hbox (11.88081pt too wide) in paragraph at lines 167--167
[]\OT1/cmss/bx/it/12 4+2=6  
 []

<image/fun2b.png, id=106, 1104.125pt x 318.18875pt>
File: image/fun2b.png Graphic file (type png)
<use image/fun2b.png>
Package pdftex.def Info: image/fun2b.png  used on input line 167.
(pdftex.def)             Requested size: 331.24005pt x 95.45735pt.

Overfull \hbox (23.95018pt too wide) in paragraph at lines 167--167
 [] 
 []

[12

 <./image/fun2b.png (PNG copy)>]
Overfull \hbox (11.88081pt too wide) in paragraph at lines 167--167
[]\OT1/cmss/bx/it/12 4+2=6  
 []

<image/fun3a.png, id=112, 1104.125pt x 318.18875pt>
File: image/fun3a.png Graphic file (type png)
<use image/fun3a.png>
Package pdftex.def Info: image/fun3a.png  used on input line 167.
(pdftex.def)             Requested size: 331.24005pt x 95.45735pt.

Overfull \hbox (23.95018pt too wide) in paragraph at lines 167--167
 [] 
 []

[13

 <./image/fun3a.png (PNG copy)>]
Overfull \hbox (11.88081pt too wide) in paragraph at lines 167--167
[]\OT1/cmss/bx/it/12 4+2=6  
 []

<image/fun3b.png, id=119, 1104.125pt x 318.18875pt>
File: image/fun3b.png Graphic file (type png)
<use image/fun3b.png>
Package pdftex.def Info: image/fun3b.png  used on input line 167.
(pdftex.def)             Requested size: 331.24005pt x 95.45735pt.

Overfull \hbox (23.95018pt too wide) in paragraph at lines 167--167
 [] 
 []

[14

 <./image/fun3b.png (PNG copy)>]
Overfull \hbox (11.88081pt too wide) in paragraph at lines 167--167
[]\OT1/cmss/bx/it/12 4+2=6  
 []

<image/fun4a.png, id=125, 1104.125pt x 318.18875pt>
File: image/fun4a.png Graphic file (type png)
<use image/fun4a.png>
Package pdftex.def Info: image/fun4a.png  used on input line 167.
(pdftex.def)             Requested size: 331.24005pt x 95.45735pt.

Overfull \hbox (23.95018pt too wide) in paragraph at lines 167--167
 [] 
 []

[15

 <./image/fun4a.png (PNG copy)>]
Overfull \hbox (11.88081pt too wide) in paragraph at lines 167--167
[]\OT1/cmss/bx/it/12 4+2=6  
 []

<image/fun4b.png, id=131, 1104.125pt x 318.18875pt>
File: image/fun4b.png Graphic file (type png)
<use image/fun4b.png>
Package pdftex.def Info: image/fun4b.png  used on input line 167.
(pdftex.def)             Requested size: 331.24005pt x 95.45735pt.

Overfull \hbox (23.95018pt too wide) in paragraph at lines 167--167
 [] 
 []

[16

 <./image/fun4b.png (PNG copy)>]
Overfull \hbox (11.88081pt too wide) in paragraph at lines 167--167
[]\OT1/cmss/bx/it/12 4+2=6  
 []

<image/fun5a.png, id=137, 1104.125pt x 318.18875pt>
File: image/fun5a.png Graphic file (type png)
<use image/fun5a.png>
Package pdftex.def Info: image/fun5a.png  used on input line 167.
(pdftex.def)             Requested size: 331.24005pt x 95.45735pt.

Overfull \hbox (23.95018pt too wide) in paragraph at lines 167--167
 [] 
 []

[17

 <./image/fun5a.png (PNG copy)>]
Overfull \hbox (11.88081pt too wide) in paragraph at lines 167--167
[]\OT1/cmss/bx/it/12 4+2=6  
 []

<image/fun5b.png, id=143, 1104.125pt x 318.18875pt>
File: image/fun5b.png Graphic file (type png)
<use image/fun5b.png>
Package pdftex.def Info: image/fun5b.png  used on input line 167.
(pdftex.def)             Requested size: 331.24005pt x 95.45735pt.

Overfull \hbox (23.95018pt too wide) in paragraph at lines 167--167
 [] 
 []

[18

 <./image/fun5b.png (PNG copy)>]
Overfull \hbox (11.88081pt too wide) in paragraph at lines 167--167
[]\OT1/cmss/bx/it/12 4+2=6  
 []

<image/fun6a.png, id=149, 1104.125pt x 318.18875pt>
File: image/fun6a.png Graphic file (type png)
<use image/fun6a.png>
Package pdftex.def Info: image/fun6a.png  used on input line 167.
(pdftex.def)             Requested size: 331.24005pt x 95.45735pt.

Overfull \hbox (23.95018pt too wide) in paragraph at lines 167--167
 [] 
 []

[19

 <./image/fun6a.png (PNG copy)>]
Overfull \hbox (11.88081pt too wide) in paragraph at lines 167--167
[]\OT1/cmss/bx/it/12 4+2=6  
 []

<image/fun6b.png, id=156, 1104.125pt x 318.18875pt>
File: image/fun6b.png Graphic file (type png)
<use image/fun6b.png>
Package pdftex.def Info: image/fun6b.png  used on input line 167.
(pdftex.def)             Requested size: 331.24005pt x 95.45735pt.

Overfull \hbox (23.95018pt too wide) in paragraph at lines 167--167
 [] 
 []

[20

 <./image/fun6b.png (PNG copy)>]
Overfull \hbox (11.88081pt too wide) in paragraph at lines 167--167
[]\OT1/cmss/bx/it/12 4+2=6  
 []

<image/funfulla.png, id=162, 1104.125pt x 318.18875pt>
File: image/funfulla.png Graphic file (type png)
<use image/funfulla.png>
Package pdftex.def Info: image/funfulla.png  used on input line 167.
(pdftex.def)             Requested size: 331.24005pt x 95.45735pt.

Overfull \hbox (23.95018pt too wide) in paragraph at lines 167--167
 [] 
 []

[21

 <./image/funfulla.png (PNG copy)>]
Overfull \hbox (11.88081pt too wide) in paragraph at lines 167--167
[]\OT1/cmss/bx/it/12 4+2=6  
 []

<image/funfullb.png, id=168, 1104.125pt x 318.18875pt>
File: image/funfullb.png Graphic file (type png)
<use image/funfullb.png>
Package pdftex.def Info: image/funfullb.png  used on input line 167.
(pdftex.def)             Requested size: 331.24005pt x 95.45735pt.

Overfull \hbox (23.95018pt too wide) in paragraph at lines 167--167
 [] 
 []

[22

 <./image/funfullb.png (PNG copy)>]
Overfull \hbox (11.88081pt too wide) in paragraph at lines 176--176
[]\OT1/cmss/bx/it/12 6+2=8  
 []

[23

]
Overfull \hbox (18.48085pt too wide) in paragraph at lines 202--202
[]\OT1/cmss/bx/it/12 8+2=10  
 []

<image/hummer1.png, id=180, 744.7825pt x 455.7025pt>
File: image/hummer1.png Graphic file (type png)
<use image/hummer1.png>
Package pdftex.def Info: image/hummer1.png  used on input line 202.
(pdftex.def)             Requested size: 372.39034pt x 227.85068pt.

Overfull \hbox (65.10046pt too wide) in paragraph at lines 202--202
 [] 
 []


Overfull \vbox (7.53998pt too high) detected at line 202
 []

[24

 <./image/hummer1.png (PNG copy)>]
Overfull \hbox (18.48085pt too wide) in paragraph at lines 202--202
[]\OT1/cmss/bx/it/12 8+2=10  
 []

<image/hummer2.png, id=186, 744.7825pt x 455.7025pt>
File: image/hummer2.png Graphic file (type png)
<use image/hummer2.png>
Package pdftex.def Info: image/hummer2.png  used on input line 202.
(pdftex.def)             Requested size: 372.39034pt x 227.85068pt.

Overfull \hbox (65.10046pt too wide) in paragraph at lines 202--202
 [] 
 []


Overfull \vbox (7.53998pt too high) detected at line 202
 []

[25

 <./image/hummer2.png (PNG copy)>]
Overfull \hbox (18.48085pt too wide) in paragraph at lines 202--202
[]\OT1/cmss/bx/it/12 8+2=10  
 []

<image/hummer3.png, id=193, 744.7825pt x 455.7025pt>
File: image/hummer3.png Graphic file (type png)
<use image/hummer3.png>
Package pdftex.def Info: image/hummer3.png  used on input line 202.
(pdftex.def)             Requested size: 372.39034pt x 227.85068pt.

Overfull \hbox (65.10046pt too wide) in paragraph at lines 202--202
 [] 
 []


Overfull \vbox (7.53998pt too high) detected at line 202
 []

[26

 <./image/hummer3.png (PNG copy)>]
Overfull \hbox (25.08089pt too wide) in paragraph at lines 224--224
[]\OT1/cmss/bx/it/12 10+2=12  
 []

File: image/hummer1.png Graphic file (type png)
<use image/hummer1.png>
Package pdftex.def Info: image/hummer1.png  used on input line 224.
(pdftex.def)             Requested size: 372.39034pt x 227.85068pt.

Overfull \hbox (65.10046pt too wide) in paragraph at lines 224--224
 [] 
 []


Overfull \vbox (7.81978pt too high) detected at line 224
 []

[27

]
Overfull \hbox (25.08089pt too wide) in paragraph at lines 224--224
[]\OT1/cmss/bx/it/12 10+2=12  
 []

<image/hummer4.png, id=204, 744.7825pt x 455.7025pt>
File: image/hummer4.png Graphic file (type png)
<use image/hummer4.png>
Package pdftex.def Info: image/hummer4.png  used on input line 224.
(pdftex.def)             Requested size: 372.39034pt x 227.85068pt.

Overfull \hbox (65.10046pt too wide) in paragraph at lines 224--224
 [] 
 []


Overfull \vbox (7.81978pt too high) detected at line 224
 []

[28

 <./image/hummer4.png (PNG copy)>]
Overfull \hbox (25.08089pt too wide) in paragraph at lines 224--224
[]\OT1/cmss/bx/it/12 10+2=12  
 []

<image/hummer5.png, id=210, 744.7825pt x 455.7025pt>
File: image/hummer5.png Graphic file (type png)
<use image/hummer5.png>
Package pdftex.def Info: image/hummer5.png  used on input line 224.
(pdftex.def)             Requested size: 372.39034pt x 227.85068pt.

Overfull \hbox (65.10046pt too wide) in paragraph at lines 224--224
 [] 
 []


Overfull \vbox (7.81978pt too high) detected at line 224
 []

[29

 <./image/hummer5.png (PNG copy)>]
Overfull \hbox (25.08089pt too wide) in paragraph at lines 243--243
[]\OT1/cmss/bx/it/12 12+2=14  
 []

[30

]
Overfull \hbox (25.08089pt too wide) in paragraph at lines 274--274
[]\OT1/cmss/bx/it/12 14+2=16  
 []

<image/euler1.pdf, id=223, 283.34428pt x 179.52786pt>
File: image/euler1.pdf Graphic file (type pdf)
<use image/euler1.pdf>
Package pdftex.def Info: image/euler1.pdf  used on input line 274.
(pdftex.def)             Requested size: 141.67178pt x 89.7637pt.
[31

 <./image/euler1.pdf>]
Overfull \hbox (25.08089pt too wide) in paragraph at lines 274--274
[]\OT1/cmss/bx/it/12 14+2=16  
 []

<image/euler2.pdf, id=232, 283.34428pt x 179.52786pt>
File: image/euler2.pdf Graphic file (type pdf)
<use image/euler2.pdf>
Package pdftex.def Info: image/euler2.pdf  used on input line 274.
(pdftex.def)             Requested size: 141.67178pt x 89.7637pt.
[32

 <./image/euler2.pdf>]
Overfull \hbox (25.08089pt too wide) in paragraph at lines 274--274
[]\OT1/cmss/bx/it/12 14+2=16  
 []

<image/euler3.pdf, id=240, 283.34428pt x 179.52786pt>
File: image/euler3.pdf Graphic file (type pdf)
<use image/euler3.pdf>
Package pdftex.def Info: image/euler3.pdf  used on input line 274.
(pdftex.def)             Requested size: 141.67178pt x 89.7637pt.
[33

 <./image/euler3.pdf>]
Overfull \hbox (25.08089pt too wide) in paragraph at lines 274--274
[]\OT1/cmss/bx/it/12 14+2=16  
 []

<image/euler4.pdf, id=248, 283.34428pt x 179.52786pt>
File: image/euler4.pdf Graphic file (type pdf)
<use image/euler4.pdf>
Package pdftex.def Info: image/euler4.pdf  used on input line 274.
(pdftex.def)             Requested size: 141.67178pt x 89.7637pt.
[34

 <./image/euler4.pdf>]
Overfull \hbox (25.08089pt too wide) in paragraph at lines 299--299
[]\OT1/cmss/bx/it/12 16+2=18  
 []

[35

]
Overfull \hbox (25.08089pt too wide) in paragraph at lines 312--312
[]\OT1/cmss/bx/it/12 18+2=20  
 []

<image/eul1.pdf, id=261, 281.46991pt x 236.85652pt>
File: image/eul1.pdf Graphic file (type pdf)
<use image/eul1.pdf>
Package pdftex.def Info: image/eul1.pdf  used on input line 312.
(pdftex.def)             Requested size: 140.7346pt x 118.42796pt.
[36

 <./image/eul1.pdf>]
Overfull \hbox (25.08089pt too wide) in paragraph at lines 312--312
[]\OT1/cmss/bx/it/12 18+2=20  
 []

<image/eul2.pdf, id=269, 281.46991pt x 236.85652pt>
File: image/eul2.pdf Graphic file (type pdf)
<use image/eul2.pdf>
Package pdftex.def Info: image/eul2.pdf  used on input line 312.
(pdftex.def)             Requested size: 140.7346pt x 118.42796pt.
[37

 <./image/eul2.pdf>]
Overfull \hbox (25.08089pt too wide) in paragraph at lines 317--317
[]\OT1/cmss/bx/it/12 20+2=22  
 []

[38

]
Overfull \hbox (25.08089pt too wide) in paragraph at lines 343--343
[]\OT1/cmss/bx/it/12 22+2=24  
 []

<image/people1.pdf, id=283, 371.18446pt x 122.45274pt>
File: image/people1.pdf Graphic file (type pdf)
<use image/people1.pdf>
Package pdftex.def Info: image/people1.pdf  used on input line 343.
(pdftex.def)             Requested size: 185.59177pt x 61.22621pt.
[39

 <./image/people1.pdf>]
Overfull \hbox (25.08089pt too wide) in paragraph at lines 343--343
[]\OT1/cmss/bx/it/12 22+2=24  
 []

<image/people2.pdf, id=293, 371.1845pt x 122.45274pt>
File: image/people2.pdf Graphic file (type pdf)
<use image/people2.pdf>
Package pdftex.def Info: image/people2.pdf  used on input line 343.
(pdftex.def)             Requested size: 185.59178pt x 61.22621pt.
[40

 <./image/people2.pdf>]
Overfull \hbox (25.08089pt too wide) in paragraph at lines 343--343
[]\OT1/cmss/bx/it/12 22+2=24  
 []

File: image/people2.pdf Graphic file (type pdf)
<use image/people2.pdf>
Package pdftex.def Info: image/people2.pdf  used on input line 343.
(pdftex.def)             Requested size: 185.59178pt x 61.22621pt.
[41

]
Overfull \hbox (25.08089pt too wide) in paragraph at lines 343--343
[]\OT1/cmss/bx/it/12 22+2=24  
 []

File: image/people2.pdf Graphic file (type pdf)
<use image/people2.pdf>
Package pdftex.def Info: image/people2.pdf  used on input line 343.
(pdftex.def)             Requested size: 185.59178pt x 61.22621pt.
[42

]
Overfull \hbox (25.08089pt too wide) in paragraph at lines 387--387
[]\OT1/cmss/bx/it/12 24+2=26  
 []

[43

]
Overfull \hbox (25.08089pt too wide) in paragraph at lines 387--387
[]\OT1/cmss/bx/it/12 24+2=26  
 []

[44

]
Overfull \hbox (25.08089pt too wide) in paragraph at lines 387--387
[]\OT1/cmss/bx/it/12 24+2=26  
 []

[45

]
Overfull \hbox (25.08089pt too wide) in paragraph at lines 387--387
[]\OT1/cmss/bx/it/12 24+2=26  
 []

<image/deckcycle1.pdf, id=328, 260.975pt x 166.33571pt>
File: image/deckcycle1.pdf Graphic file (type pdf)
<use image/deckcycle1.pdf>
Package pdftex.def Info: image/deckcycle1.pdf  used on input line 387.
(pdftex.def)             Requested size: 130.48718pt x 83.16763pt.
<image/cy1.pdf, id=329, 168.05643pt x 167.48286pt>
File: image/cy1.pdf Graphic file (type pdf)
<use image/cy1.pdf>
Package pdftex.def Info: image/cy1.pdf  used on input line 387.
(pdftex.def)             Requested size: 84.028pt x 83.74121pt.
[46

 <./image/deckcycle1.pdf> <./image/cy1.pdf

pdfTeX warning: pdflatex (file ./image/cy1.pdf): PDF inclusion: multiple pdfs w
ith page group included in a single page
>]
Overfull \hbox (25.08089pt too wide) in paragraph at lines 387--387
[]\OT1/cmss/bx/it/12 24+2=26  
 []

<image/deckcycle2.pdf, id=344, 260.975pt x 166.33571pt>
File: image/deckcycle2.pdf Graphic file (type pdf)
<use image/deckcycle2.pdf>
Package pdftex.def Info: image/deckcycle2.pdf  used on input line 387.
(pdftex.def)             Requested size: 130.48718pt x 83.16763pt.
File: image/cy1.pdf Graphic file (type pdf)
<use image/cy1.pdf>
Package pdftex.def Info: image/cy1.pdf  used on input line 387.
(pdftex.def)             Requested size: 84.028pt x 83.74121pt.
[47

 <./image/deckcycle2.pdf>]
Overfull \hbox (25.08089pt too wide) in paragraph at lines 387--387
[]\OT1/cmss/bx/it/12 24+2=26  
 []

<image/deckcycle3.pdf, id=352, 260.975pt x 166.33571pt>
File: image/deckcycle3.pdf Graphic file (type pdf)
<use image/deckcycle3.pdf>
Package pdftex.def Info: image/deckcycle3.pdf  used on input line 387.
(pdftex.def)             Requested size: 130.48718pt x 83.16763pt.
File: image/cy1.pdf Graphic file (type pdf)
<use image/cy1.pdf>
Package pdftex.def Info: image/cy1.pdf  used on input line 387.
(pdftex.def)             Requested size: 84.028pt x 83.74121pt.
[48

 <./image/deckcycle3.pdf>]
Overfull \hbox (25.08089pt too wide) in paragraph at lines 387--387
[]\OT1/cmss/bx/it/12 24+2=26  
 []

File: image/deckcycle3.pdf Graphic file (type pdf)
<use image/deckcycle3.pdf>
Package pdftex.def Info: image/deckcycle3.pdf  used on input line 387.
(pdftex.def)             Requested size: 130.48718pt x 83.16763pt.
<image/cy2.pdf, id=360, 168.05643pt x 167.48286pt>
File: image/cy2.pdf Graphic file (type pdf)
<use image/cy2.pdf>
Package pdftex.def Info: image/cy2.pdf  used on input line 387.
(pdftex.def)             Requested size: 84.028pt x 83.74121pt.
[49

 <./image/cy2.pdf>]
Overfull \hbox (25.08089pt too wide) in paragraph at lines 444--444
[]\OT1/cmss/bx/it/12 26+2=28  
 []

[50

]
Overfull \hbox (25.08089pt too wide) in paragraph at lines 444--444
[]\OT1/cmss/bx/it/12 26+2=28  
 []

<image/8cards1.pdf, id=379, 443.92351pt x 80.75764pt>
File: image/8cards1.pdf Graphic file (type pdf)
<use image/8cards1.pdf>
Package pdftex.def Info: image/8cards1.pdf  used on input line 444.
(pdftex.def)             Requested size: 221.9612pt x 40.37871pt.
[51

 <./image/8cards1.pdf>]
Overfull \hbox (25.08089pt too wide) in paragraph at lines 444--444
[]\OT1/cmss/bx/it/12 26+2=28  
 []

<image/8cards2.pdf, id=419, 406.08858pt x 341.84859pt>
File: image/8cards2.pdf Graphic file (type pdf)
<use image/8cards2.pdf>
Package pdftex.def Info: image/8cards2.pdf  used on input line 444.
(pdftex.def)             Requested size: 203.0438pt x 170.92387pt.
[52

 <./image/8cards2.pdf>]
Overfull \hbox (25.08089pt too wide) in paragraph at lines 444--444
[]\OT1/cmss/bx/it/12 26+2=28  
 []

<image/8cards3a.pdf, id=459, 406.08858pt x 341.84859pt>
File: image/8cards3a.pdf Graphic file (type pdf)
<use image/8cards3a.pdf>
Package pdftex.def Info: image/8cards3a.pdf  used on input line 444.
(pdftex.def)             Requested size: 203.0438pt x 170.92387pt.
<image/tinjan1.pdf, id=460, 218.61449pt x 122.45274pt>
File: image/tinjan1.pdf Graphic file (type pdf)
<use image/tinjan1.pdf>
Package pdftex.def Info: image/tinjan1.pdf  used on input line 444.
(pdftex.def)             Requested size: 65.58484pt x 36.7361pt.
[53

 <./image/8cards3a.pdf> <./image/tinjan1.pdf

pdfTeX warning: pdflatex (file ./image/tinjan1.pdf): PDF inclusion: multiple pd
fs with page group included in a single page
>]
Overfull \hbox (25.08089pt too wide) in paragraph at lines 444--444
[]\OT1/cmss/bx/it/12 26+2=28  
 []

<image/8cards3b.pdf, id=508, 406.08858pt x 341.84859pt>
File: image/8cards3b.pdf Graphic file (type pdf)
<use image/8cards3b.pdf>
Package pdftex.def Info: image/8cards3b.pdf  used on input line 444.
(pdftex.def)             Requested size: 203.0438pt x 170.92387pt.
<image/tinjan2.pdf, id=509, 218.61449pt x 122.45274pt>
File: image/tinjan2.pdf Graphic file (type pdf)
<use image/tinjan2.pdf>
Package pdftex.def Info: image/tinjan2.pdf  used on input line 444.
(pdftex.def)             Requested size: 65.58484pt x 36.7361pt.
[54

 <./image/8cards3b.pdf> <./image/tinjan2.pdf

pdfTeX warning: pdflatex (file ./image/tinjan2.pdf): PDF inclusion: multiple pd
fs with page group included in a single page
>]
Overfull \hbox (25.08089pt too wide) in paragraph at lines 444--444
[]\OT1/cmss/bx/it/12 26+2=28  
 []

<image/8cards4a.pdf, id=556, 406.08858pt x 341.84859pt>
File: image/8cards4a.pdf Graphic file (type pdf)
<use image/8cards4a.pdf>
Package pdftex.def Info: image/8cards4a.pdf  used on input line 444.
(pdftex.def)             Requested size: 203.0438pt x 170.92387pt.
File: image/tinjan1.pdf Graphic file (type pdf)
<use image/tinjan1.pdf>
Package pdftex.def Info: image/tinjan1.pdf  used on input line 444.
(pdftex.def)             Requested size: 65.58484pt x 36.7361pt.
[55

 <./image/8cards4a.pdf>]
Overfull \hbox (25.08089pt too wide) in paragraph at lines 444--444
[]\OT1/cmss/bx/it/12 26+2=28  
 []

<image/8cards4b.pdf, id=603, 406.08858pt x 341.84859pt>
File: image/8cards4b.pdf Graphic file (type pdf)
<use image/8cards4b.pdf>
Package pdftex.def Info: image/8cards4b.pdf  used on input line 444.
(pdftex.def)             Requested size: 203.0438pt x 170.92387pt.
File: image/tinjan2.pdf Graphic file (type pdf)
<use image/tinjan2.pdf>
Package pdftex.def Info: image/tinjan2.pdf  used on input line 444.
(pdftex.def)             Requested size: 65.58484pt x 36.7361pt.
[56

 <./image/8cards4b.pdf>]
Overfull \hbox (25.08089pt too wide) in paragraph at lines 508--508
[]\OT1/cmss/bx/it/12 28+2=30  
 []

<image/allpat0.pdf, id=650, 309.0491pt x 251.45726pt>
File: image/allpat0.pdf Graphic file (type pdf)
<use image/allpat0.pdf>
Package pdftex.def Info: image/allpat0.pdf  used on input line 508.
(pdftex.def)             Requested size: 154.52415pt x 125.72832pt.
[57

 <./image/allpat0.pdf>]
Overfull \hbox (25.08089pt too wide) in paragraph at lines 508--508
[]\OT1/cmss/bx/it/12 28+2=30  
 []

<image/allpat1.pdf, id=658, 309.0491pt x 251.45726pt>
File: image/allpat1.pdf Graphic file (type pdf)
<use image/allpat1.pdf>
Package pdftex.def Info: image/allpat1.pdf  used on input line 508.
(pdftex.def)             Requested size: 154.52415pt x 125.72832pt.
[58

 <./image/allpat1.pdf>]
Overfull \hbox (25.08089pt too wide) in paragraph at lines 508--508
[]\OT1/cmss/bx/it/12 28+2=30  
 []

<image/allpat2.pdf, id=666, 309.0491pt x 251.45726pt>
File: image/allpat2.pdf Graphic file (type pdf)
<use image/allpat2.pdf>
Package pdftex.def Info: image/allpat2.pdf  used on input line 508.
(pdftex.def)             Requested size: 154.52415pt x 125.72832pt.
[59

 <./image/allpat2.pdf>]
Overfull \hbox (25.08089pt too wide) in paragraph at lines 508--508
[]\OT1/cmss/bx/it/12 28+2=30  
 []

<image/allpat3.pdf, id=674, 309.0491pt x 251.45726pt>
File: image/allpat3.pdf Graphic file (type pdf)
<use image/allpat3.pdf>
Package pdftex.def Info: image/allpat3.pdf  used on input line 508.
(pdftex.def)             Requested size: 154.52415pt x 125.72832pt.
[60

 <./image/allpat3.pdf>]
Overfull \hbox (25.08089pt too wide) in paragraph at lines 508--508
[]\OT1/cmss/bx/it/12 28+2=30  
 []

<image/allpat4.pdf, id=682, 309.0491pt x 251.45726pt>
File: image/allpat4.pdf Graphic file (type pdf)
<use image/allpat4.pdf>
Package pdftex.def Info: image/allpat4.pdf  used on input line 508.
(pdftex.def)             Requested size: 154.52415pt x 125.72832pt.
[61

 <./image/allpat4.pdf>]
Overfull \hbox (25.08089pt too wide) in paragraph at lines 508--508
[]\OT1/cmss/bx/it/12 28+2=30  
 []

<image/allpat5.pdf, id=691, 309.0491pt x 251.45726pt>
File: image/allpat5.pdf Graphic file (type pdf)
<use image/allpat5.pdf>
Package pdftex.def Info: image/allpat5.pdf  used on input line 508.
(pdftex.def)             Requested size: 154.52415pt x 125.72832pt.
[62

 <./image/allpat5.pdf>]
Overfull \hbox (25.08089pt too wide) in paragraph at lines 508--508
[]\OT1/cmss/bx/it/12 28+2=30  
 []

<image/allpat6.pdf, id=699, 309.0491pt x 251.45726pt>
File: image/allpat6.pdf Graphic file (type pdf)
<use image/allpat6.pdf>
Package pdftex.def Info: image/allpat6.pdf  used on input line 508.
(pdftex.def)             Requested size: 154.52415pt x 125.72832pt.
[63

 <./image/allpat6.pdf>]
Overfull \hbox (25.08089pt too wide) in paragraph at lines 508--508
[]\OT1/cmss/bx/it/12 28+2=30  
 []

<image/allpat7.pdf, id=707, 309.0491pt x 251.45726pt>
File: image/allpat7.pdf Graphic file (type pdf)
<use image/allpat7.pdf>
Package pdftex.def Info: image/allpat7.pdf  used on input line 508.
(pdftex.def)             Requested size: 154.52415pt x 125.72832pt.
[64

 <./image/allpat7.pdf>]
Overfull \hbox (25.08089pt too wide) in paragraph at lines 508--508
[]\OT1/cmss/bx/it/12 28+2=30  
 []

<image/allpat8.pdf, id=715, 309.0491pt x 251.45726pt>
File: image/allpat8.pdf Graphic file (type pdf)
<use image/allpat8.pdf>
Package pdftex.def Info: image/allpat8.pdf  used on input line 508.
(pdftex.def)             Requested size: 154.52415pt x 125.72832pt.
[65

 <./image/allpat8.pdf>]
Overfull \hbox (25.08089pt too wide) in paragraph at lines 508--508
[]\OT1/cmss/bx/it/12 28+2=30  
 []

File: image/allpat8.pdf Graphic file (type pdf)
<use image/allpat8.pdf>
Package pdftex.def Info: image/allpat8.pdf  used on input line 508.
(pdftex.def)             Requested size: 154.52415pt x 125.72832pt.
[66

]
\tf@nav=\write8
\openout8 = `ghs2022.nav'.

\tf@toc=\write9
\openout9 = `ghs2022.toc'.

\tf@snm=\write10
\openout10 = `ghs2022.snm'.

Package atveryend Info: Empty hook `BeforeClearDocument' on input line 515.
Package atveryend Info: Empty hook `AfterLastShipout' on input line 515.
 (./ghs2022.aux)
Package atveryend Info: Executing hook `AtVeryEndDocument' on input line 515.
Package atveryend Info: Executing hook `AtEndAfterFileList' on input line 515.
Package rerunfilecheck Info: File `ghs2022.out' has not changed.
(rerunfilecheck)             Checksum: 5FF5F75DAC706A64C7716CCA3BBC6BBB;182.


LaTeX Font Warning: Some font shapes were not available, defaults substituted.

 ) 
Here is how much of TeX's memory you used:
 18998 strings out of 483183
 357736 string characters out of 5966292
 593604 words of memory out of 5000000
 33345 multiletter control sequences out of 15000+600000
 546063 words of font info for 75 fonts, out of 8000000 for 9000
 14 hyphenation exceptions out of 8191
 59i,11n,67p,910b,483s stack positions out of 5000i,500n,10000p,200000b,80000s
</usr/share/texlive/texmf-dist/fonts/type1/public/amsfonts/cm/cmmi12.pfb></us
r/share/texlive/texmf-dist/fonts/type1/public/amsfonts/cm/cmss12.pfb></usr/shar
e/texlive/texmf-dist/fonts/type1/public/amsfonts/cm/cmss8.pfb></usr/share/texli
ve/texmf-dist/fonts/type1/public/amsfonts/cm/cmssbx10.pfb></usr/share/texlive/t
exmf-dist/fonts/type1/public/amsfonts/symbols/msam10.pfb>
Output written on ghs2022.pdf (66 pages, 5247728 bytes).
PDF statistics:
 779 PDF objects out of 1000 (max. 8388607)
 527 compressed objects within 6 object streams
 137 named destinations out of 1000 (max. 500000)
 355 words of extra memory for PDF output out of 10000 (max. 10000000)

