105.01.24 09:23 B c:\program files\apache group\apache2\htdocs\statinf2\ustat1.html --> ftp.angelfire.com / ustat1.html
105.01.24 09:24 B c:\program files\apache group\apache2\htdocs\statinf2\ustat1.html --> ftp.angelfire.com /statinf2 ustat1.html
105.01.24 09:50 B c:\program files\apache group\apache2\htdocs\statinf2\ustat3.html --> ftp.angelfire.com /statinf2 ustat3.html
105.01.26 15:01 B c:\program files\apache group\apache2\htdocs\statinf2\ustat3.html --> ftp.angelfire.com /statinf2 ustat3.html
105.01.31 09:37 B c:\program files\apache group\apache2\htdocs\statinf2\test2.html --> ftp.angelfire.com /statinf2 test2.html
105.02.04 08:44 B c:\program files\apache group\apache2\htdocs\statinf2\boot.html --> ftp.angelfire.com /statinf2 boot.html
105.02.04 08:44 B c:\program files\apache group\apache2\htdocs\statinf2\boot.txt --> ftp.angelfire.com /statinf2 boot.txt
105.02.07 08:52 B c:\program files\apache group\apache2\htdocs\statinf2\boot.html --> ftp.angelfire.com /statinf2 boot.html
105.02.07 08:52 B c:\program files\apache group\apache2\htdocs\statinf2\boot2.txt --> ftp.angelfire.com /statinf2 boot2.txt
105.02.11 17:59 B c:\program files\apache group\apache2\htdocs\statinf2\boot.html --> ftp.angelfire.com /statinf2 boot.html
105.02.11 17:59 B c:\program files\apache group\apache2\htdocs\statinf2\intro.html --> ftp.angelfire.com /statinf2 intro.html
105.02.11 17:59 B c:\program files\apache group\apache2\htdocs\statinf2\ksamp.html --> ftp.angelfire.com /statinf2 ksamp.html
105.02.11 17:59 B c:\program files\apache group\apache2\htdocs\statinf2\one1.html --> ftp.angelfire.com /statinf2 one1.html
105.02.11 17:59 B c:\program files\apache group\apache2\htdocs\statinf2\one2.html --> ftp.angelfire.com /statinf2 one2.html
105.02.11 18:00 B c:\program files\apache group\apache2\htdocs\statinf2\one3.html --> ftp.angelfire.com /statinf2 one3.html
105.02.11 18:00 B c:\program files\apache group\apache2\htdocs\statinf2\pair1.html --> ftp.angelfire.com /statinf2 pair1.html
105.02.11 18:00 B c:\program files\apache group\apache2\htdocs\statinf2\pair2.html --> ftp.angelfire.com /statinf2 pair2.html
105.02.11 18:00 B c:\program files\apache group\apache2\htdocs\statinf2\pair3.html --> ftp.angelfire.com /statinf2 pair3.html
105.02.11 18:00 B c:\program files\apache group\apache2\htdocs\statinf2\test1.html --> ftp.angelfire.com /statinf2 test1.html
105.02.11 18:00 B c:\program files\apache group\apache2\htdocs\statinf2\test2.html --> ftp.angelfire.com /statinf2 test2.html
105.02.11 18:00 B c:\program files\apache group\apache2\htdocs\statinf2\two1.html --> ftp.angelfire.com /statinf2 two1.html
105.02.11 18:00 B c:\program files\apache group\apache2\htdocs\statinf2\two2.html --> ftp.angelfire.com /statinf2 two2.html
105.02.11 18:00 B c:\program files\apache group\apache2\htdocs\statinf2\two3.html --> ftp.angelfire.com /statinf2 two3.html
105.02.11 18:00 B c:\program files\apache group\apache2\htdocs\statinf2\two4.html --> ftp.angelfire.com /statinf2 two4.html
105.02.11 18:00 B c:\program files\apache group\apache2\htdocs\statinf2\ustat1.html --> ftp.angelfire.com /statinf2 ustat1.html
105.02.11 18:00 B c:\program files\apache group\apache2\htdocs\statinf2\ustat2.html --> ftp.angelfire.com /statinf2 ustat2.html
105.02.11 18:00 B c:\program files\apache group\apache2\htdocs\statinf2\ustat3.html --> ftp.angelfire.com /statinf2 ustat3.html
105.03.03 16:40 A c:\program files\apache group\apache2\htdocs\statinf2\cr1.html --> ftp.angelfire.com /statinf2 cr1.html
105.03.03 16:40 A c:\program files\apache group\apache2\htdocs\statinf2\dens1.html --> ftp.angelfire.com /statinf2 dens1.html
105.03.03 16:41 A c:\program files\apache group\apache2\htdocs\statinf2\dens2.html --> ftp.angelfire.com /statinf2 dens2.html
105.03.03 16:41 A c:\program files\apache group\apache2\htdocs\statinf2\noteindex.html --> ftp.angelfire.com /statinf2 noteindex.html
105.03.03 16:41 A c:\program files\apache group\apache2\htdocs\statinf2\seq1.html --> ftp.angelfire.com /statinf2 seq1.html
105.03.03 16:41 A c:\program files\apache group\apache2\htdocs\statinf2\seq2.html --> ftp.angelfire.com /statinf2 seq2.html
105.03.03 16:41 A c:\program files\apache group\apache2\htdocs\statinf2\seq3.html --> ftp.angelfire.com /statinf2 seq3.html
105.03.03 16:41 A c:\program files\apache group\apache2\htdocs\statinf2\seq4.html --> ftp.angelfire.com /statinf2 seq4.html
105.03.03 16:41 A c:\program files\apache group\apache2\htdocs\statinf2\sprt1.html --> ftp.angelfire.com /statinf2 sprt1.html
105.03.03 16:41 A c:\program files\apache group\apache2\htdocs\statinf2\sprt2.html --> ftp.angelfire.com /statinf2 sprt2.html
105.03.03 16:41 A c:\program files\apache group\apache2\htdocs\statinf2\sprt3.html --> ftp.angelfire.com /statinf2 sprt3.html
105.03.03 16:41 A c:\program files\apache group\apache2\htdocs\statinf2\sprt4.html --> ftp.angelfire.com /statinf2 sprt4.html
105.03.04 14:22 A c:\program files\apache group\apache2\htdocs\statinf2\seq1.html --> ftp.angelfire.com /statinf2 seq1.html
105.03.04 14:22 A c:\program files\apache group\apache2\htdocs\statinf2\seq3.html --> ftp.angelfire.com /statinf2 seq3.html
105.03.08 15:28 A c:\program files\apache group\apache2\htdocs\statinf2\jk.html --> ftp.angelfire.com /statinf2 jk.html
105.03.09 14:08 A c:\program files\apache group\apache2\htdocs\statinf2\jk.html --> ftp.angelfire.com /statinf2 jk.html
105.03.10 11:17 A c:\program files\apache group\apache2\htdocs\statinf2\dens1.html --> ftp.angelfire.com /statinf2 dens1.html
105.03.11 11:38 A c:\program files\apache group\apache2\htdocs\statinf2\sprt4.html --> ftp.angelfire.com /statinf2 sprt4.html
105.03.11 11:46 A c:\program files\apache group\apache2\htdocs\statinf2\index.html --> ftp.angelfire.com /statinf2 index.html
105.03.11 11:46 A c:\program files\apache group\apache2\htdocs\statinf2\noteindex.html --> ftp.angelfire.com /statinf2 noteindex.html
105.03.11 12:21 A c:\program files\apache group\apache2\htdocs\statinf2\sprt4.html --> ftp.angelfire.com /statinf2 sprt4.html
105.03.11 13:11 A c:\program files\apache group\apache2\htdocs\statinf2\sprt4.html --> ftp.angelfire.com /statinf2 sprt4.html
105.03.13 20:15 A c:\program files\apache group\apache2\htdocs\statinf2\seq1.html --> ftp.angelfire.com /statinf2 seq1.html
105.03.14 09:02 A c:\program files\apache group\apache2\htdocs\statinf2\seq1.html --> ftp.angelfire.com /statinf2 seq1.html
105.03.16 10:04 A c:\program files\apache group\apache2\htdocs\statinf2\seq2.html --> ftp.angelfire.com / seq2.html
105.03.17 09:37 A c:\program files\apache group\apache2\htdocs\statinf2\seq1.html --> ftp.angelfire.com /statinf2 seq1.html
105.03.23 14:21 A c:\program files\apache group\apache2\htdocs\statinf2\seq3.html --> ftp.angelfire.com /statinf2 seq3.html
105.03.24 14:07 A c:\program files\apache group\apache2\htdocs\statinf2\seq3.html --> ftp.angelfire.com /statinf2 seq3.html
105.03.30 09:46 A c:\program files\apache group\apache2\htdocs\statinf2\sprt1.html --> ftp.angelfire.com /statinf2 sprt1.html
105.03.30 09:59 A c:\program files\apache group\apache2\htdocs\statinf2\sprt1.html --> ftp.angelfire.com /statinf2 sprt1.html
105.03.31 11:40 A c:\program files\apache group\apache2\htdocs\statinf2\sprt2.html --> ftp.angelfire.com /statinf2 sprt2.html
105.04.06 15:24 A c:\program files\apache group\apache2\htdocs\statinf2\noteindex.html --> ftp.angelfire.com /statinf2 noteindex.html
105.04.06 15:24 A c:\program files\apache group\apache2\htdocs\statinf2\sprt6.html --> ftp.angelfire.com /statinf2 sprt6.html
105.04.07 13:57 A c:\program files\apache group\apache2\htdocs\statinf2\noteindex.html --> ftp.angelfire.com /statinf2 noteindex.html
105.04.07 13:57 A c:\program files\apache group\apache2\htdocs\statinf2\sprt4.html --> ftp.angelfire.com /statinf2 sprt4.html
105.04.07 13:58 A c:\program files\apache group\apache2\htdocs\statinf2\sprt5.html --> ftp.angelfire.com /statinf2 sprt5.html
105.04.07 13:58 A c:\program files\apache group\apache2\htdocs\statinf2\sprt6.html --> ftp.angelfire.com /statinf2 sprt6.html
105.04.13 09:28 A c:\program files\apache group\apache2\htdocs\statinf2\mcmc1.html --> ftp.angelfire.com /statinf2 mcmc1.html
105.04.13 09:28 A c:\program files\apache group\apache2\htdocs\statinf2\mcmc2.html --> ftp.angelfire.com /statinf2 mcmc2.html
105.04.13 09:59 A c:\program files\apache group\apache2\htdocs\statinf2\cr1.html --> ftp.angelfire.com /statinf2 cr1.html
105.04.13 09:59 A c:\program files\apache group\apache2\htdocs\statinf2\pw1.html --> ftp.angelfire.com /statinf2 pw1.html
105.04.13 10:03 A c:\program files\apache group\apache2\htdocs\statinf2\noteindex.html --> ftp.angelfire.com /statinf2 noteindex.html
105.04.13 10:03 A c:\program files\apache group\apache2\htdocs\statinf2\ifs.m --> ftp.angelfire.com /statinf2 ifs.m
105.04.17 15:40 A c:\program files\apache group\apache2\htdocs\statinf2\noteindex.html --> ftp.angelfire.com /statinf2 noteindex.html
105.04.17 15:40 A c:\program files\apache group\apache2\htdocs\statinf2\pw1.html --> ftp.angelfire.com /statinf2 pw1.html
105.04.17 15:40 A c:\program files\apache group\apache2\htdocs\statinf2\pw2.html --> ftp.angelfire.com /statinf2 pw2.html
105.07.17 16:26 B c:\program files\apache group\apache2\htdocs\statinf2\C:\Program Files\Apache Group\Apache2\htdocs\cdac.zip --> ftp.angelfire.com / cdac.zip
